[Sun Oct 17 18:57:03.516011 2021] [ssl:warn] [pid 496:tid 564] AH01909: www.example.com:443:0 server certificate does NOT include an ID which matches the server name
[Sun Oct 17 18:57:03.984617 2021] [ssl:warn] [pid 496:tid 564] AH01909: www.example.com:443:0 server certificate does NOT include an ID which matches the server name
[Sun Oct 17 18:57:08.858052 2021] [mpm_winnt:notice] [pid 496:tid 564] AH00455: Apache/2.4.46 (Win64) OpenSSL/1.1.1j PHP/7.4.16 configured -- resuming normal operations
[Sun Oct 17 18:57:08.858052 2021] [mpm_winnt:notice] [pid 496:tid 564] AH00456: Apache Lounge VC15 Server built: Feb 18 2021 10:09:17
[Sun Oct 17 18:57:08.858052 2021] [core:notice] [pid 496:tid 564] AH00094: Command line: 'c:\\xampp\\apache\\bin\\httpd.exe -d C:/xampp/apache'
[Sun Oct 17 18:57:09.092353 2021] [mpm_winnt:notice] [pid 496:tid 564] AH00418: Parent: Created child process 5664
[Sun Oct 17 18:57:12.997353 2021] [ssl:warn] [pid 5664:tid 572] AH01909: www.example.com:443:0 server certificate does NOT include an ID which matches the server name
[Sun Oct 17 18:57:13.200411 2021] [ssl:warn] [pid 5664:tid 572] AH01909: www.example.com:443:0 server certificate does NOT include an ID which matches the server name
[Sun Oct 17 18:57:13.403511 2021] [mpm_winnt:notice] [pid 5664:tid 572] AH00354: Child: Starting 150 worker threads.
[Mon Oct 18 10:19:58.174049 2021] [ssl:warn] [pid 7068:tid 544] AH01909: www.example.com:443:0 server certificate does NOT include an ID which matches the server name
[Mon Oct 18 10:19:58.861278 2021] [core:warn] [pid 7068:tid 544] AH00098: pid file C:/xampp/apache/logs/httpd.pid overwritten -- Unclean shutdown of previous Apache run?
[Mon Oct 18 10:19:58.892521 2021] [ssl:warn] [pid 7068:tid 544] AH01909: www.example.com:443:0 server certificate does NOT include an ID which matches the server name
[Mon Oct 18 10:19:59.939061 2021] [mpm_winnt:notice] [pid 7068:tid 544] AH00455: Apache/2.4.46 (Win64) OpenSSL/1.1.1j PHP/7.4.16 configured -- resuming normal operations
[Mon Oct 18 10:19:59.939061 2021] [mpm_winnt:notice] [pid 7068:tid 544] AH00456: Apache Lounge VC15 Server built: Feb 18 2021 10:09:17
[Mon Oct 18 10:19:59.939061 2021] [core:notice] [pid 7068:tid 544] AH00094: Command line: 'c:\\xampp\\apache\\bin\\httpd.exe -d C:/xampp/apache'
[Mon Oct 18 10:20:00.001540 2021] [mpm_winnt:notice] [pid 7068:tid 544] AH00418: Parent: Created child process 10212
[Mon Oct 18 10:20:04.375135 2021] [ssl:warn] [pid 10212:tid 624] AH01909: www.example.com:443:0 server certificate does NOT include an ID which matches the server name
[Mon Oct 18 10:20:04.781252 2021] [ssl:warn] [pid 10212:tid 624] AH01909: www.example.com:443:0 server certificate does NOT include an ID which matches the server name
[Mon Oct 18 10:20:06.108953 2021] [mpm_winnt:notice] [pid 10212:tid 624] AH00354: Child: Starting 150 worker threads.
[Tue Oct 19 18:14:09.920197 2021] [ssl:warn] [pid 7868:tid 564] AH01909: www.example.com:443:0 server certificate does NOT include an ID which matches the server name
[Tue Oct 19 18:14:10.685574 2021] [core:warn] [pid 7868:tid 564] AH00098: pid file C:/xampp/apache/logs/httpd.pid overwritten -- Unclean shutdown of previous Apache run?
[Tue Oct 19 18:14:10.716812 2021] [ssl:warn] [pid 7868:tid 564] AH01909: www.example.com:443:0 server certificate does NOT include an ID which matches the server name
[Tue Oct 19 18:14:16.683641 2021] [mpm_winnt:notice] [pid 7868:tid 564] AH00455: Apache/2.4.46 (Win64) OpenSSL/1.1.1j PHP/7.4.16 configured -- resuming normal operations
[Tue Oct 19 18:14:16.683641 2021] [mpm_winnt:notice] [pid 7868:tid 564] AH00456: Apache Lounge VC15 Server built: Feb 18 2021 10:09:17
[Tue Oct 19 18:14:16.683641 2021] [core:notice] [pid 7868:tid 564] AH00094: Command line: 'c:\\xampp\\apache\\bin\\httpd.exe -d C:/xampp/apache'
[Tue Oct 19 18:14:16.730499 2021] [mpm_winnt:notice] [pid 7868:tid 564] AH00418: Parent: Created child process 7488
[Tue Oct 19 18:14:19.307798 2021] [ssl:warn] [pid 7488:tid 616] AH01909: www.example.com:443:0 server certificate does NOT include an ID which matches the server name
[Tue Oct 19 18:14:19.495235 2021] [ssl:warn] [pid 7488:tid 616] AH01909: www.example.com:443:0 server certificate does NOT include an ID which matches the server name
[Tue Oct 19 18:14:20.057556 2021] [mpm_winnt:notice] [pid 7488:tid 616] AH00354: Child: Starting 150 worker threads.
[Wed Oct 20 18:38:27.356848 2021] [ssl:warn] [pid 1988:tid 540] AH01909: www.example.com:443:0 server certificate does NOT include an ID which matches the server name
[Wed Oct 20 18:38:27.981648 2021] [core:warn] [pid 1988:tid 540] AH00098: pid file C:/xampp/apache/logs/httpd.pid overwritten -- Unclean shutdown of previous Apache run?
[Wed Oct 20 18:38:27.997268 2021] [ssl:warn] [pid 1988:tid 540] AH01909: www.example.com:443:0 server certificate does NOT include an ID which matches the server name
[Wed Oct 20 18:38:37.384875 2021] [mpm_winnt:notice] [pid 1988:tid 540] AH00455: Apache/2.4.46 (Win64) OpenSSL/1.1.1j PHP/7.4.16 configured -- resuming normal operations
[Wed Oct 20 18:38:37.384875 2021] [mpm_winnt:notice] [pid 1988:tid 540] AH00456: Apache Lounge VC15 Server built: Feb 18 2021 10:09:17
[Wed Oct 20 18:38:37.384875 2021] [core:notice] [pid 1988:tid 540] AH00094: Command line: 'c:\\xampp\\apache\\bin\\httpd.exe -d C:/xampp/apache'
[Wed Oct 20 18:38:37.650414 2021] [mpm_winnt:notice] [pid 1988:tid 540] AH00418: Parent: Created child process 7088
[Wed Oct 20 18:38:40.055892 2021] [ssl:warn] [pid 7088:tid 568] AH01909: www.example.com:443:0 server certificate does NOT include an ID which matches the server name
[Wed Oct 20 18:38:40.212091 2021] [ssl:warn] [pid 7088:tid 568] AH01909: www.example.com:443:0 server certificate does NOT include an ID which matches the server name
[Wed Oct 20 18:38:40.790035 2021] [mpm_winnt:notice] [pid 7088:tid 568] AH00354: Child: Starting 150 worker threads.
[Thu Oct 21 09:30:03.608923 2021] [ssl:warn] [pid 4200:tid 568] AH01909: www.example.com:443:0 server certificate does NOT include an ID which matches the server name
[Thu Oct 21 09:30:06.108245 2021] [core:warn] [pid 4200:tid 568] AH00098: pid file C:/xampp/apache/logs/httpd.pid overwritten -- Unclean shutdown of previous Apache run?
[Thu Oct 21 09:30:06.186299 2021] [ssl:warn] [pid 4200:tid 568] AH01909: www.example.com:443:0 server certificate does NOT include an ID which matches the server name
[Thu Oct 21 09:30:14.324317 2021] [mpm_winnt:notice] [pid 4200:tid 568] AH00455: Apache/2.4.46 (Win64) OpenSSL/1.1.1j PHP/7.4.16 configured -- resuming normal operations
[Thu Oct 21 09:30:14.324317 2021] [mpm_winnt:notice] [pid 4200:tid 568] AH00456: Apache Lounge VC15 Server built: Feb 18 2021 10:09:17
[Thu Oct 21 09:30:14.324317 2021] [core:notice] [pid 4200:tid 568] AH00094: Command line: 'c:\\xampp\\apache\\bin\\httpd.exe -d C:/xampp/apache'
[Thu Oct 21 09:30:14.464824 2021] [mpm_winnt:notice] [pid 4200:tid 568] AH00418: Parent: Created child process 4396
[Thu Oct 21 09:30:16.729718 2021] [ssl:warn] [pid 4396:tid 568] AH01909: www.example.com:443:0 server certificate does NOT include an ID which matches the server name
[Thu Oct 21 09:30:16.948399 2021] [ssl:warn] [pid 4396:tid 568] AH01909: www.example.com:443:0 server certificate does NOT include an ID which matches the server name
[Thu Oct 21 09:30:17.354648 2021] [mpm_winnt:notice] [pid 4396:tid 568] AH00354: Child: Starting 150 worker threads.
[Fri Oct 22 19:20:08.907302 2021] [ssl:warn] [pid 3772:tid 572] AH01909: www.example.com:443:0 server certificate does NOT include an ID which matches the server name
[Fri Oct 22 19:20:09.313345 2021] [core:warn] [pid 3772:tid 572] AH00098: pid file C:/xampp/apache/logs/httpd.pid overwritten -- Unclean shutdown of previous Apache run?
[Fri Oct 22 19:20:09.360200 2021] [ssl:warn] [pid 3772:tid 572] AH01909: www.example.com:443:0 server certificate does NOT include an ID which matches the server name
[Fri Oct 22 19:20:17.982578 2021] [mpm_winnt:notice] [pid 3772:tid 572] AH00455: Apache/2.4.46 (Win64) OpenSSL/1.1.1j PHP/7.4.16 configured -- resuming normal operations
[Fri Oct 22 19:20:17.982578 2021] [mpm_winnt:notice] [pid 3772:tid 572] AH00456: Apache Lounge VC15 Server built: Feb 18 2021 10:09:17
[Fri Oct 22 19:20:18.013770 2021] [core:notice] [pid 3772:tid 572] AH00094: Command line: 'c:\\xampp\\apache\\bin\\httpd.exe -d C:/xampp/apache'
[Fri Oct 22 19:20:18.169878 2021] [mpm_winnt:notice] [pid 3772:tid 572] AH00418: Parent: Created child process 2816
[Fri Oct 22 19:20:19.185173 2021] [ssl:warn] [pid 2816:tid 568] AH01909: www.example.com:443:0 server certificate does NOT include an ID which matches the server name
[Fri Oct 22 19:20:19.341372 2021] [ssl:warn] [pid 2816:tid 568] AH01909: www.example.com:443:0 server certificate does NOT include an ID which matches the server name
[Fri Oct 22 19:20:19.700632 2021] [mpm_winnt:notice] [pid 2816:tid 568] AH00354: Child: Starting 150 worker threads.
[Sat Oct 23 07:57:29.000789 2021] [ssl:warn] [pid 4964:tid 560] AH01909: www.example.com:443:0 server certificate does NOT include an ID which matches the server name
[Sat Oct 23 07:57:29.672449 2021] [core:warn] [pid 4964:tid 560] AH00098: pid file C:/xampp/apache/logs/httpd.pid overwritten -- Unclean shutdown of previous Apache run?
[Sat Oct 23 07:57:29.781837 2021] [ssl:warn] [pid 4964:tid 560] AH01909: www.example.com:443:0 server certificate does NOT include an ID which matches the server name
[Sat Oct 23 07:57:45.511122 2021] [mpm_winnt:notice] [pid 4964:tid 560] AH00455: Apache/2.4.46 (Win64) OpenSSL/1.1.1j PHP/7.4.16 configured -- resuming normal operations
[Sat Oct 23 07:57:45.573607 2021] [mpm_winnt:notice] [pid 4964:tid 560] AH00456: Apache Lounge VC15 Server built: Feb 18 2021 10:09:17
[Sat Oct 23 07:57:45.573607 2021] [core:notice] [pid 4964:tid 560] AH00094: Command line: 'c:\\xampp\\apache\\bin\\httpd.exe -d C:/xampp/apache'
[Sat Oct 23 07:57:46.370227 2021] [mpm_winnt:notice] [pid 4964:tid 560] AH00418: Parent: Created child process 6512
[Sat Oct 23 07:57:52.118385 2021] [ssl:warn] [pid 6512:tid 588] AH01909: www.example.com:443:0 server certificate does NOT include an ID which matches the server name
[Sat Oct 23 07:57:52.602604 2021] [ssl:warn] [pid 6512:tid 588] AH01909: www.example.com:443:0 server certificate does NOT include an ID which matches the server name
[Sat Oct 23 07:57:53.243021 2021] [mpm_winnt:notice] [pid 6512:tid 588] AH00354: Child: Starting 150 worker threads.
[Sat Oct 23 15:15:42.696872 2021] [ssl:warn] [pid 5868:tid 480] AH01909: www.example.com:443:0 server certificate does NOT include an ID which matches the server name
[Sat Oct 23 15:15:43.009269 2021] [core:warn] [pid 5868:tid 480] AH00098: pid file C:/xampp/apache/logs/httpd.pid overwritten -- Unclean shutdown of previous Apache run?
[Sat Oct 23 15:15:43.024889 2021] [ssl:warn] [pid 5868:tid 480] AH01909: www.example.com:443:0 server certificate does NOT include an ID which matches the server name
[Sat Oct 23 15:15:46.352095 2021] [mpm_winnt:notice] [pid 5868:tid 480] AH00455: Apache/2.4.46 (Win64) OpenSSL/1.1.1j PHP/7.4.16 configured -- resuming normal operations
[Sat Oct 23 15:15:46.352095 2021] [mpm_winnt:notice] [pid 5868:tid 480] AH00456: Apache Lounge VC15 Server built: Feb 18 2021 10:09:17
[Sat Oct 23 15:15:46.352095 2021] [core:notice] [pid 5868:tid 480] AH00094: Command line: 'c:\\xampp\\apache\\bin\\httpd.exe -d C:/xampp/apache'
[Sat Oct 23 15:15:46.476910 2021] [mpm_winnt:notice] [pid 5868:tid 480] AH00418: Parent: Created child process 6780
[Sat Oct 23 15:15:47.445388 2021] [ssl:warn] [pid 6780:tid 568] AH01909: www.example.com:443:0 server certificate does NOT include an ID which matches the server name
[Sat Oct 23 15:15:47.617166 2021] [ssl:warn] [pid 6780:tid 568] AH01909: www.example.com:443:0 server certificate does NOT include an ID which matches the server name
[Sat Oct 23 15:15:47.835849 2021] [mpm_winnt:notice] [pid 6780:tid 568] AH00354: Child: Starting 150 worker threads.
[Sun Oct 24 09:30:15.838218 2021] [ssl:warn] [pid 6344:tid 560] AH01909: www.example.com:443:0 server certificate does NOT include an ID which matches the server name
[Sun Oct 24 09:30:18.587336 2021] [core:warn] [pid 6344:tid 560] AH00098: pid file C:/xampp/apache/logs/httpd.pid overwritten -- Unclean shutdown of previous Apache run?
[Sun Oct 24 09:30:18.649817 2021] [ssl:warn] [pid 6344:tid 560] AH01909: www.example.com:443:0 server certificate does NOT include an ID which matches the server name
[Sun Oct 24 09:30:34.769641 2021] [mpm_winnt:notice] [pid 6344:tid 560] AH00455: Apache/2.4.46 (Win64) OpenSSL/1.1.1j PHP/7.4.16 configured -- resuming normal operations
[Sun Oct 24 09:30:34.769641 2021] [mpm_winnt:notice] [pid 6344:tid 560] AH00456: Apache Lounge VC15 Server built: Feb 18 2021 10:09:17
[Sun Oct 24 09:30:34.769641 2021] [core:notice] [pid 6344:tid 560] AH00094: Command line: 'c:\\xampp\\apache\\bin\\httpd.exe -d C:/xampp/apache'
[Sun Oct 24 09:30:35.113276 2021] [mpm_winnt:notice] [pid 6344:tid 560] AH00418: Parent: Created child process 5420
[Sun Oct 24 09:30:42.704585 2021] [ssl:warn] [pid 5420:tid 588] AH01909: www.example.com:443:0 server certificate does NOT include an ID which matches the server name
[Sun Oct 24 09:30:42.923269 2021] [ssl:warn] [pid 5420:tid 588] AH01909: www.example.com:443:0 server certificate does NOT include an ID which matches the server name
[Sun Oct 24 09:30:43.563687 2021] [mpm_winnt:notice] [pid 5420:tid 588] AH00354: Child: Starting 150 worker threads.
[Mon Oct 25 07:27:23.862717 2021] [ssl:warn] [pid 5556:tid 540] AH01909: www.example.com:443:0 server certificate does NOT include an ID which matches the server name
[Mon Oct 25 07:27:24.268966 2021] [core:warn] [pid 5556:tid 540] AH00098: pid file C:/xampp/apache/logs/httpd.pid overwritten -- Unclean shutdown of previous Apache run?
[Mon Oct 25 07:27:24.300082 2021] [ssl:warn] [pid 5556:tid 540] AH01909: www.example.com:443:0 server certificate does NOT include an ID which matches the server name
[Mon Oct 25 07:27:31.282218 2021] [mpm_winnt:notice] [pid 5556:tid 540] AH00455: Apache/2.4.46 (Win64) OpenSSL/1.1.1j PHP/7.4.16 configured -- resuming normal operations
[Mon Oct 25 07:27:31.282218 2021] [mpm_winnt:notice] [pid 5556:tid 540] AH00456: Apache Lounge VC15 Server built: Feb 18 2021 10:09:17
[Mon Oct 25 07:27:31.282218 2021] [core:notice] [pid 5556:tid 540] AH00094: Command line: 'c:\\xampp\\apache\\bin\\httpd.exe -d C:/xampp/apache'
[Mon Oct 25 07:27:31.469666 2021] [mpm_winnt:notice] [pid 5556:tid 540] AH00418: Parent: Created child process 3840
[Mon Oct 25 07:27:32.516200 2021] [ssl:warn] [pid 3840:tid 576] AH01909: www.example.com:443:0 server certificate does NOT include an ID which matches the server name
[Mon Oct 25 07:27:32.703645 2021] [ssl:warn] [pid 3840:tid 576] AH01909: www.example.com:443:0 server certificate does NOT include an ID which matches the server name
[Mon Oct 25 07:27:33.062904 2021] [mpm_winnt:notice] [pid 3840:tid 576] AH00354: Child: Starting 150 worker threads.
[Mon Oct 25 08:34:46.398017 2021] [ssl:warn] [pid 8020:tid 560] AH01909: www.example.com:443:0 server certificate does NOT include an ID which matches the server name
[Mon Oct 25 08:34:46.789893 2021] [core:warn] [pid 8020:tid 560] AH00098: pid file C:/xampp/apache/logs/httpd.pid overwritten -- Unclean shutdown of previous Apache run?
[Mon Oct 25 08:34:46.901895 2021] [ssl:warn] [pid 8020:tid 560] AH01909: www.example.com:443:0 server certificate does NOT include an ID which matches the server name
[Mon Oct 25 08:34:49.510757 2021] [mpm_winnt:notice] [pid 8020:tid 560] AH00455: Apache/2.4.46 (Win64) OpenSSL/1.1.1j PHP/7.4.16 configured -- resuming normal operations
[Mon Oct 25 08:34:49.518703 2021] [mpm_winnt:notice] [pid 8020:tid 560] AH00456: Apache Lounge VC15 Server built: Feb 18 2021 10:09:17
[Mon Oct 25 08:34:49.518703 2021] [core:notice] [pid 8020:tid 560] AH00094: Command line: 'c:\\xampp\\apache\\bin\\httpd.exe -d C:/xampp/apache'
[Mon Oct 25 08:34:49.614627 2021] [mpm_winnt:notice] [pid 8020:tid 560] AH00418: Parent: Created child process 7924
[Mon Oct 25 08:34:50.750635 2021] [ssl:warn] [pid 7924:tid 580] AH01909: www.example.com:443:0 server certificate does NOT include an ID which matches the server name
[Mon Oct 25 08:34:50.958707 2021] [ssl:warn] [pid 7924:tid 580] AH01909: www.example.com:443:0 server certificate does NOT include an ID which matches the server name
[Mon Oct 25 08:34:51.526630 2021] [mpm_winnt:notice] [pid 7924:tid 580] AH00354: Child: Starting 150 worker threads.
[Mon Oct 25 14:44:03.875391 2021] [ssl:warn] [pid 5796:tid 476] AH01909: www.example.com:443:0 server certificate does NOT include an ID which matches the server name
[Mon Oct 25 14:44:04.187648 2021] [core:warn] [pid 5796:tid 476] AH00098: pid file C:/xampp/apache/logs/httpd.pid overwritten -- Unclean shutdown of previous Apache run?
[Mon Oct 25 14:44:04.203272 2021] [ssl:warn] [pid 5796:tid 476] AH01909: www.example.com:443:0 server certificate does NOT include an ID which matches the server name
[Mon Oct 25 14:44:08.186365 2021] [mpm_winnt:notice] [pid 5796:tid 476] AH00455: Apache/2.4.46 (Win64) OpenSSL/1.1.1j PHP/7.4.16 configured -- resuming normal operations
[Mon Oct 25 14:44:08.186365 2021] [mpm_winnt:notice] [pid 5796:tid 476] AH00456: Apache Lounge VC15 Server built: Feb 18 2021 10:09:17
[Mon Oct 25 14:44:08.186365 2021] [core:notice] [pid 5796:tid 476] AH00094: Command line: 'c:\\xampp\\apache\\bin\\httpd.exe -d C:/xampp/apache'
[Mon Oct 25 14:44:08.295705 2021] [mpm_winnt:notice] [pid 5796:tid 476] AH00418: Parent: Created child process 2444
[Mon Oct 25 14:44:09.295384 2021] [ssl:warn] [pid 2444:tid 568] AH01909: www.example.com:443:0 server certificate does NOT include an ID which matches the server name
[Mon Oct 25 14:44:09.529691 2021] [ssl:warn] [pid 2444:tid 568] AH01909: www.example.com:443:0 server certificate does NOT include an ID which matches the server name
[Mon Oct 25 14:44:09.998288 2021] [mpm_winnt:notice] [pid 2444:tid 568] AH00354: Child: Starting 150 worker threads.
[Tue Oct 26 08:54:27.456309 2021] [ssl:warn] [pid 6412:tid 572] AH01909: www.example.com:443:0 server certificate does NOT include an ID which matches the server name
[Tue Oct 26 08:54:28.268555 2021] [core:warn] [pid 6412:tid 572] AH00098: pid file C:/xampp/apache/logs/httpd.pid overwritten -- Unclean shutdown of previous Apache run?
[Tue Oct 26 08:54:28.315413 2021] [ssl:warn] [pid 6412:tid 572] AH01909: www.example.com:443:0 server certificate does NOT include an ID which matches the server name
[Tue Oct 26 08:54:35.984817 2021] [mpm_winnt:notice] [pid 6412:tid 572] AH00455: Apache/2.4.46 (Win64) OpenSSL/1.1.1j PHP/7.4.16 configured -- resuming normal operations
[Tue Oct 26 08:54:35.984817 2021] [mpm_winnt:notice] [pid 6412:tid 572] AH00456: Apache Lounge VC15 Server built: Feb 18 2021 10:09:17
[Tue Oct 26 08:54:35.984817 2021] [core:notice] [pid 6412:tid 572] AH00094: Command line: 'c:\\xampp\\apache\\bin\\httpd.exe -d C:/xampp/apache'
[Tue Oct 26 08:54:36.250361 2021] [mpm_winnt:notice] [pid 6412:tid 572] AH00418: Parent: Created child process 6808
[Tue Oct 26 08:54:37.749876 2021] [ssl:warn] [pid 6808:tid 588] AH01909: www.example.com:443:0 server certificate does NOT include an ID which matches the server name
[Tue Oct 26 08:54:37.921700 2021] [ssl:warn] [pid 6808:tid 588] AH01909: www.example.com:443:0 server certificate does NOT include an ID which matches the server name
[Tue Oct 26 08:54:38.109132 2021] [mpm_winnt:notice] [pid 6808:tid 588] AH00354: Child: Starting 150 worker threads.
[Tue Oct 26 18:07:43.786355 2021] [ssl:warn] [pid 4488:tid 564] AH01909: www.example.com:443:0 server certificate does NOT include an ID which matches the server name
[Tue Oct 26 18:07:44.114370 2021] [core:warn] [pid 4488:tid 564] AH00098: pid file C:/xampp/apache/logs/httpd.pid overwritten -- Unclean shutdown of previous Apache run?
[Tue Oct 26 18:07:44.129998 2021] [ssl:warn] [pid 4488:tid 564] AH01909: www.example.com:443:0 server certificate does NOT include an ID which matches the server name
[Tue Oct 26 18:07:46.847869 2021] [mpm_winnt:notice] [pid 4488:tid 564] AH00455: Apache/2.4.46 (Win64) OpenSSL/1.1.1j PHP/7.4.16 configured -- resuming normal operations
[Tue Oct 26 18:07:46.847869 2021] [mpm_winnt:notice] [pid 4488:tid 564] AH00456: Apache Lounge VC15 Server built: Feb 18 2021 10:09:17
[Tue Oct 26 18:07:46.863610 2021] [core:notice] [pid 4488:tid 564] AH00094: Command line: 'c:\\xampp\\apache\\bin\\httpd.exe -d C:/xampp/apache'
[Tue Oct 26 18:07:47.050923 2021] [mpm_winnt:notice] [pid 4488:tid 564] AH00418: Parent: Created child process 1836
[Tue Oct 26 18:07:48.019363 2021] [ssl:warn] [pid 1836:tid 568] AH01909: www.example.com:443:0 server certificate does NOT include an ID which matches the server name
[Tue Oct 26 18:07:48.222425 2021] [ssl:warn] [pid 1836:tid 568] AH01909: www.example.com:443:0 server certificate does NOT include an ID which matches the server name
[Tue Oct 26 18:07:48.441237 2021] [mpm_winnt:notice] [pid 1836:tid 568] AH00354: Child: Starting 150 worker threads.
[Wed Oct 27 14:29:24.308489 2021] [ssl:warn] [pid 7052:tid 136] AH01909: www.example.com:443:0 server certificate does NOT include an ID which matches the server name
[Wed Oct 27 14:29:24.698843 2021] [core:warn] [pid 7052:tid 136] AH00098: pid file C:/xampp/apache/logs/httpd.pid overwritten -- Unclean shutdown of previous Apache run?
[Wed Oct 27 14:29:24.714463 2021] [ssl:warn] [pid 7052:tid 136] AH01909: www.example.com:443:0 server certificate does NOT include an ID which matches the server name
[Wed Oct 27 14:29:29.228637 2021] [mpm_winnt:notice] [pid 7052:tid 136] AH00455: Apache/2.4.46 (Win64) OpenSSL/1.1.1j PHP/7.4.16 configured -- resuming normal operations
[Wed Oct 27 14:29:29.228637 2021] [mpm_winnt:notice] [pid 7052:tid 136] AH00456: Apache Lounge VC15 Server built: Feb 18 2021 10:09:17
[Wed Oct 27 14:29:29.228637 2021] [core:notice] [pid 7052:tid 136] AH00094: Command line: 'c:\\xampp\\apache\\bin\\httpd.exe -d C:/xampp/apache'
[Wed Oct 27 14:29:29.384913 2021] [mpm_winnt:notice] [pid 7052:tid 136] AH00418: Parent: Created child process 6268
[Wed Oct 27 14:29:30.353406 2021] [ssl:warn] [pid 6268:tid 564] AH01909: www.example.com:443:0 server certificate does NOT include an ID which matches the server name
[Wed Oct 27 14:29:30.540713 2021] [ssl:warn] [pid 6268:tid 564] AH01909: www.example.com:443:0 server certificate does NOT include an ID which matches the server name
[Wed Oct 27 14:29:30.790711 2021] [mpm_winnt:notice] [pid 6268:tid 564] AH00354: Child: Starting 150 worker threads.
[Thu Oct 28 07:27:41.440419 2021] [ssl:warn] [pid 4384:tid 564] AH01909: www.example.com:443:0 server certificate does NOT include an ID which matches the server name
[Thu Oct 28 07:27:41.768443 2021] [core:warn] [pid 4384:tid 564] AH00098: pid file C:/xampp/apache/logs/httpd.pid overwritten -- Unclean shutdown of previous Apache run?
[Thu Oct 28 07:27:41.799681 2021] [ssl:warn] [pid 4384:tid 564] AH01909: www.example.com:443:0 server certificate does NOT include an ID which matches the server name
[Thu Oct 28 07:27:45.470377 2021] [mpm_winnt:notice] [pid 4384:tid 564] AH00455: Apache/2.4.46 (Win64) OpenSSL/1.1.1j PHP/7.4.16 configured -- resuming normal operations
[Thu Oct 28 07:27:45.470377 2021] [mpm_winnt:notice] [pid 4384:tid 564] AH00456: Apache Lounge VC15 Server built: Feb 18 2021 10:09:17
[Thu Oct 28 07:27:45.470377 2021] [core:notice] [pid 4384:tid 564] AH00094: Command line: 'c:\\xampp\\apache\\bin\\httpd.exe -d C:/xampp/apache'
[Thu Oct 28 07:27:45.564109 2021] [mpm_winnt:notice] [pid 4384:tid 564] AH00418: Parent: Created child process 5924
[Thu Oct 28 07:27:46.516917 2021] [ssl:warn] [pid 5924:tid 576] AH01909: www.example.com:443:0 server certificate does NOT include an ID which matches the server name
[Thu Oct 28 07:27:46.704361 2021] [ssl:warn] [pid 5924:tid 576] AH01909: www.example.com:443:0 server certificate does NOT include an ID which matches the server name
[Thu Oct 28 07:27:46.876207 2021] [mpm_winnt:notice] [pid 5924:tid 576] AH00354: Child: Starting 150 worker threads.
[Thu Oct 28 18:04:45.274963 2021] [ssl:warn] [pid 5316:tid 560] AH01909: www.example.com:443:0 server certificate does NOT include an ID which matches the server name
[Thu Oct 28 18:04:46.321409 2021] [core:warn] [pid 5316:tid 560] AH00098: pid file C:/xampp/apache/logs/httpd.pid overwritten -- Unclean shutdown of previous Apache run?
[Thu Oct 28 18:04:46.383834 2021] [ssl:warn] [pid 5316:tid 560] AH01909: www.example.com:443:0 server certificate does NOT include an ID which matches the server name
[Thu Oct 28 18:04:52.381907 2021] [mpm_winnt:notice] [pid 5316:tid 560] AH00455: Apache/2.4.46 (Win64) OpenSSL/1.1.1j PHP/7.4.16 configured -- resuming normal operations
[Thu Oct 28 18:04:52.381907 2021] [mpm_winnt:notice] [pid 5316:tid 560] AH00456: Apache Lounge VC15 Server built: Feb 18 2021 10:09:17
[Thu Oct 28 18:04:52.381907 2021] [core:notice] [pid 5316:tid 560] AH00094: Command line: 'c:\\xampp\\apache\\bin\\httpd.exe -d C:/xampp/apache'
[Thu Oct 28 18:04:52.694309 2021] [mpm_winnt:notice] [pid 5316:tid 560] AH00418: Parent: Created child process 5840
[Thu Oct 28 18:04:53.693989 2021] [ssl:warn] [pid 5840:tid 568] AH01909: www.example.com:443:0 server certificate does NOT include an ID which matches the server name
[Thu Oct 28 18:04:54.006433 2021] [ssl:warn] [pid 5840:tid 568] AH01909: www.example.com:443:0 server certificate does NOT include an ID which matches the server name
[Thu Oct 28 18:04:54.256348 2021] [mpm_winnt:notice] [pid 5840:tid 568] AH00354: Child: Starting 150 worker threads.
[Sat Oct 30 10:00:00.276499 2021] [ssl:warn] [pid 5796:tid 560] AH01909: www.example.com:443:0 server certificate does NOT include an ID which matches the server name
[Sat Oct 30 10:00:00.698238 2021] [core:warn] [pid 5796:tid 560] AH00098: pid file C:/xampp/apache/logs/httpd.pid overwritten -- Unclean shutdown of previous Apache run?
[Sat Oct 30 10:00:00.713859 2021] [ssl:warn] [pid 5796:tid 560] AH01909: www.example.com:443:0 server certificate does NOT include an ID which matches the server name
[Sat Oct 30 10:00:08.523842 2021] [mpm_winnt:notice] [pid 5796:tid 560] AH00455: Apache/2.4.46 (Win64) OpenSSL/1.1.1j PHP/7.4.16 configured -- resuming normal operations
[Sat Oct 30 10:00:08.523842 2021] [mpm_winnt:notice] [pid 5796:tid 560] AH00456: Apache Lounge VC15 Server built: Feb 18 2021 10:09:17
[Sat Oct 30 10:00:08.523842 2021] [core:notice] [pid 5796:tid 560] AH00094: Command line: 'c:\\xampp\\apache\\bin\\httpd.exe -d C:/xampp/apache'
[Sat Oct 30 10:00:08.695666 2021] [mpm_winnt:notice] [pid 5796:tid 560] AH00418: Parent: Created child process 4944
[Sat Oct 30 10:00:11.023039 2021] [ssl:warn] [pid 4944:tid 568] AH01909: www.example.com:443:0 server certificate does NOT include an ID which matches the server name
[Sat Oct 30 10:00:11.397922 2021] [ssl:warn] [pid 4944:tid 568] AH01909: www.example.com:443:0 server certificate does NOT include an ID which matches the server name
[Sat Oct 30 10:00:12.350741 2021] [mpm_winnt:notice] [pid 4944:tid 568] AH00354: Child: Starting 150 worker threads.
[Sat Oct 30 15:06:47.721041 2021] [ssl:warn] [pid 5820:tid 532] AH01909: www.example.com:443:0 server certificate does NOT include an ID which matches the server name
[Sat Oct 30 15:06:48.158526 2021] [core:warn] [pid 5820:tid 532] AH00098: pid file C:/xampp/apache/logs/httpd.pid overwritten -- Unclean shutdown of previous Apache run?
[Sat Oct 30 15:06:48.205334 2021] [ssl:warn] [pid 5820:tid 532] AH01909: www.example.com:443:0 server certificate does NOT include an ID which matches the server name
[Sat Oct 30 15:06:56.015334 2021] [mpm_winnt:notice] [pid 5820:tid 532] AH00455: Apache/2.4.46 (Win64) OpenSSL/1.1.1j PHP/7.4.16 configured -- resuming normal operations
[Sat Oct 30 15:06:56.015334 2021] [mpm_winnt:notice] [pid 5820:tid 532] AH00456: Apache Lounge VC15 Server built: Feb 18 2021 10:09:17
[Sat Oct 30 15:06:56.015334 2021] [core:notice] [pid 5820:tid 532] AH00094: Command line: 'c:\\xampp\\apache\\bin\\httpd.exe -d C:/xampp/apache'
[Sat Oct 30 15:06:56.265178 2021] [mpm_winnt:notice] [pid 5820:tid 532] AH00418: Parent: Created child process 3868
[Sat Oct 30 15:06:57.499157 2021] [ssl:warn] [pid 3868:tid 576] AH01909: www.example.com:443:0 server certificate does NOT include an ID which matches the server name
[Sat Oct 30 15:06:57.686596 2021] [ssl:warn] [pid 3868:tid 576] AH01909: www.example.com:443:0 server certificate does NOT include an ID which matches the server name
[Sat Oct 30 15:06:57.874088 2021] [mpm_winnt:notice] [pid 3868:tid 576] AH00354: Child: Starting 150 worker threads.
[Sat Oct 30 19:18:45.874183 2021] [ssl:warn] [pid 4780:tid 572] AH01909: www.example.com:443:0 server certificate does NOT include an ID which matches the server name
[Sat Oct 30 19:18:46.873862 2021] [core:warn] [pid 4780:tid 572] AH00098: pid file C:/xampp/apache/logs/httpd.pid overwritten -- Unclean shutdown of previous Apache run?
[Sat Oct 30 19:18:46.889483 2021] [ssl:warn] [pid 4780:tid 572] AH01909: www.example.com:443:0 server certificate does NOT include an ID which matches the server name
[Sat Oct 30 19:18:54.059175 2021] [mpm_winnt:notice] [pid 4780:tid 572] AH00455: Apache/2.4.46 (Win64) OpenSSL/1.1.1j PHP/7.4.16 configured -- resuming normal operations
[Sat Oct 30 19:18:54.059175 2021] [mpm_winnt:notice] [pid 4780:tid 572] AH00456: Apache Lounge VC15 Server built: Feb 18 2021 10:09:17
[Sat Oct 30 19:18:54.059175 2021] [core:notice] [pid 4780:tid 572] AH00094: Command line: 'c:\\xampp\\apache\\bin\\httpd.exe -d C:/xampp/apache'
[Sat Oct 30 19:18:54.277747 2021] [mpm_winnt:notice] [pid 4780:tid 572] AH00418: Parent: Created child process 4084
[Sat Oct 30 19:18:55.855359 2021] [ssl:warn] [pid 4084:tid 536] AH01909: www.example.com:443:0 server certificate does NOT include an ID which matches the server name
[Sat Oct 30 19:18:56.058429 2021] [ssl:warn] [pid 4084:tid 536] AH01909: www.example.com:443:0 server certificate does NOT include an ID which matches the server name
[Sat Oct 30 19:18:56.370821 2021] [mpm_winnt:notice] [pid 4084:tid 536] AH00354: Child: Starting 150 worker threads.
[Sun Oct 31 14:57:05.525309 2021] [ssl:warn] [pid 4580:tid 604] AH01909: www.example.com:443:0 server certificate does NOT include an ID which matches the server name
[Sun Oct 31 14:57:05.868998 2021] [core:warn] [pid 4580:tid 604] AH00098: pid file C:/xampp/apache/logs/httpd.pid overwritten -- Unclean shutdown of previous Apache run?
[Sun Oct 31 14:57:05.884570 2021] [ssl:warn] [pid 4580:tid 604] AH01909: www.example.com:443:0 server certificate does NOT include an ID which matches the server name
[Sun Oct 31 14:57:15.272186 2021] [mpm_winnt:notice] [pid 4580:tid 604] AH00455: Apache/2.4.46 (Win64) OpenSSL/1.1.1j PHP/7.4.16 configured -- resuming normal operations
[Sun Oct 31 14:57:15.272186 2021] [mpm_winnt:notice] [pid 4580:tid 604] AH00456: Apache Lounge VC15 Server built: Feb 18 2021 10:09:17
[Sun Oct 31 14:57:15.272186 2021] [core:notice] [pid 4580:tid 604] AH00094: Command line: 'c:\\xampp\\apache\\bin\\httpd.exe -d C:/xampp/apache'
[Sun Oct 31 14:57:15.647068 2021] [mpm_winnt:notice] [pid 4580:tid 604] AH00418: Parent: Created child process 7164
[Sun Oct 31 14:57:16.927907 2021] [ssl:warn] [pid 7164:tid 584] AH01909: www.example.com:443:0 server certificate does NOT include an ID which matches the server name
[Sun Oct 31 14:57:17.177829 2021] [ssl:warn] [pid 7164:tid 584] AH01909: www.example.com:443:0 server certificate does NOT include an ID which matches the server name
[Sun Oct 31 14:57:19.099083 2021] [mpm_winnt:notice] [pid 7164:tid 584] AH00354: Child: Starting 150 worker threads.
[Sun Oct 31 19:29:17.654579 2021] [ssl:warn] [pid 5700:tid 560] AH01909: www.example.com:443:0 server certificate does NOT include an ID which matches the server name
[Sun Oct 31 19:29:18.326236 2021] [core:warn] [pid 5700:tid 560] AH00098: pid file C:/xampp/apache/logs/httpd.pid overwritten -- Unclean shutdown of previous Apache run?
[Sun Oct 31 19:29:18.357476 2021] [ssl:warn] [pid 5700:tid 560] AH01909: www.example.com:443:0 server certificate does NOT include an ID which matches the server name
[Sun Oct 31 19:29:27.073478 2021] [mpm_winnt:notice] [pid 5700:tid 560] AH00455: Apache/2.4.46 (Win64) OpenSSL/1.1.1j PHP/7.4.16 configured -- resuming normal operations
[Sun Oct 31 19:29:27.073478 2021] [mpm_winnt:notice] [pid 5700:tid 560] AH00456: Apache Lounge VC15 Server built: Feb 18 2021 10:09:17
[Sun Oct 31 19:29:27.104761 2021] [core:notice] [pid 5700:tid 560] AH00094: Command line: 'c:\\xampp\\apache\\bin\\httpd.exe -d C:/xampp/apache'
[Sun Oct 31 19:29:27.307735 2021] [mpm_winnt:notice] [pid 5700:tid 560] AH00418: Parent: Created child process 5380
[Sun Oct 31 19:29:28.432368 2021] [ssl:warn] [pid 5380:tid 568] AH01909: www.example.com:443:0 server certificate does NOT include an ID which matches the server name
[Sun Oct 31 19:29:28.713536 2021] [ssl:warn] [pid 5380:tid 568] AH01909: www.example.com:443:0 server certificate does NOT include an ID which matches the server name
[Sun Oct 31 19:29:29.541432 2021] [mpm_winnt:notice] [pid 5380:tid 568] AH00354: Child: Starting 150 worker threads.
[Sun Oct 31 19:48:21.970468 2021] [php7:error] [pid 5380:tid 1884] [client ::1:18738] PHP Fatal error:  Maximum execution time of 120 seconds exceeded in C:\\xampp\\phpMyAdmin\\libraries\\classes\\Dbal\\DbiMysqli.php on line 244
[Tue Nov 02 09:33:58.932670 2021] [ssl:warn] [pid 6476:tid 564] AH01909: www.example.com:443:0 server certificate does NOT include an ID which matches the server name
[Tue Nov 02 09:34:00.588453 2021] [core:warn] [pid 6476:tid 564] AH00098: pid file C:/xampp/apache/logs/httpd.pid overwritten -- Unclean shutdown of previous Apache run?
[Tue Nov 02 09:34:00.666490 2021] [ssl:warn] [pid 6476:tid 564] AH01909: www.example.com:443:0 server certificate does NOT include an ID which matches the server name
[Tue Nov 02 09:34:19.363753 2021] [mpm_winnt:notice] [pid 6476:tid 564] AH00455: Apache/2.4.46 (Win64) OpenSSL/1.1.1j PHP/7.4.16 configured -- resuming normal operations
[Tue Nov 02 09:34:19.394861 2021] [mpm_winnt:notice] [pid 6476:tid 564] AH00456: Apache Lounge VC15 Server built: Feb 18 2021 10:09:17
[Tue Nov 02 09:34:19.394861 2021] [core:notice] [pid 6476:tid 564] AH00094: Command line: 'c:\\xampp\\apache\\bin\\httpd.exe -d C:/xampp/apache'
[Tue Nov 02 09:34:19.597918 2021] [mpm_winnt:notice] [pid 6476:tid 564] AH00418: Parent: Created child process 6516
[Tue Nov 02 09:34:20.738172 2021] [ssl:warn] [pid 6516:tid 568] AH01909: www.example.com:443:0 server certificate does NOT include an ID which matches the server name
[Tue Nov 02 09:34:21.019384 2021] [ssl:warn] [pid 6516:tid 568] AH01909: www.example.com:443:0 server certificate does NOT include an ID which matches the server name
[Tue Nov 02 09:34:21.550412 2021] [mpm_winnt:notice] [pid 6516:tid 568] AH00354: Child: Starting 150 worker threads.
[Tue Nov 02 10:58:18.753304 2021] [php7:error] [pid 6516:tid 1848] [client ::1:9197] PHP Fatal error:  Maximum execution time of 120 seconds exceeded in C:\\xampp\\phpMyAdmin\\vendor\\twig\\twig\\src\\NodeVisitor\\AbstractNodeVisitor.php on line 24
[Tue Nov 02 10:58:28.843406 2021] [php7:error] [pid 6516:tid 1848] [client ::1:9197] PHP Fatal error:  Uncaught Error: Class 'Twig\\NodeVisitor\\EscaperNodeVisitor' not found in C:\\xampp\\phpMyAdmin\\vendor\\twig\\twig\\src\\Extension\\EscaperExtension.php:46\nStack trace:\n#0 C:\\xampp\\phpMyAdmin\\vendor\\twig\\twig\\src\\ExtensionSet.php(457): Twig\\Extension\\EscaperExtension->getNodeVisitors()\n#1 C:\\xampp\\phpMyAdmin\\vendor\\twig\\twig\\src\\ExtensionSet.php(423): Twig\\ExtensionSet->initExtension(Object(Twig\\Extension\\EscaperExtension))\n#2 C:\\xampp\\phpMyAdmin\\vendor\\twig\\twig\\src\\ExtensionSet.php(243): Twig\\ExtensionSet->initExtensions()\n#3 C:\\xampp\\phpMyAdmin\\vendor\\twig\\twig\\src\\Environment.php(797): Twig\\ExtensionSet->getFilter('error')\n#4 C:\\xampp\\phpMyAdmin\\tmp\\twig\\6a\\6a5126c30dc52473a871b55d9c42ad481ba84722a93f7c2c168bd8914f5856bb.php(160): Twig\\Environment->getFilter('error')\n#5 C:\\xampp\\phpMyAdmin\\vendor\\twig\\twig\\src\\Template.php(405): __TwigTemplate_171f81ac5e134428df4736ddb719d8fb54fd5af99b4cd0a681dfb721bcd8084b->doDisplay(Array, Array)\n#6 C:\\xampp\\phpMyAdmin\\vendor\\twig\\twig\\src\\Template.php(378): Twig\\Template->disp in C:\\xampp\\phpMyAdmin\\vendor\\twig\\twig\\src\\Extension\\EscaperExtension.php on line 46
[Tue Nov 02 18:20:58.101053 2021] [ssl:warn] [pid 6528:tid 560] AH01909: www.example.com:443:0 server certificate does NOT include an ID which matches the server name
[Tue Nov 02 18:21:00.022309 2021] [core:warn] [pid 6528:tid 560] AH00098: pid file C:/xampp/apache/logs/httpd.pid overwritten -- Unclean shutdown of previous Apache run?
[Tue Nov 02 18:21:00.069166 2021] [ssl:warn] [pid 6528:tid 560] AH01909: www.example.com:443:0 server certificate does NOT include an ID which matches the server name
[Tue Nov 02 18:21:10.253383 2021] [mpm_winnt:notice] [pid 6528:tid 560] AH00455: Apache/2.4.46 (Win64) OpenSSL/1.1.1j PHP/7.4.16 configured -- resuming normal operations
[Tue Nov 02 18:21:10.284623 2021] [mpm_winnt:notice] [pid 6528:tid 560] AH00456: Apache Lounge VC15 Server built: Feb 18 2021 10:09:17
[Tue Nov 02 18:21:10.284623 2021] [core:notice] [pid 6528:tid 560] AH00094: Command line: 'c:\\xampp\\apache\\bin\\httpd.exe -d C:/xampp/apache'
[Tue Nov 02 18:21:10.581403 2021] [mpm_winnt:notice] [pid 6528:tid 560] AH00418: Parent: Created child process 6904
[Tue Nov 02 18:21:15.767235 2021] [ssl:warn] [pid 6904:tid 568] AH01909: www.example.com:443:0 server certificate does NOT include an ID which matches the server name
[Tue Nov 02 18:21:16.017153 2021] [ssl:warn] [pid 6904:tid 568] AH01909: www.example.com:443:0 server certificate does NOT include an ID which matches the server name
[Tue Nov 02 18:21:17.735475 2021] [mpm_winnt:notice] [pid 6904:tid 568] AH00354: Child: Starting 150 worker threads.
[Wed Nov 03 13:27:03.677744 2021] [ssl:warn] [pid 1020:tid 560] AH01909: www.example.com:443:0 server certificate does NOT include an ID which matches the server name
[Wed Nov 03 13:27:04.146340 2021] [core:warn] [pid 1020:tid 560] AH00098: pid file C:/xampp/apache/logs/httpd.pid overwritten -- Unclean shutdown of previous Apache run?
[Wed Nov 03 13:27:04.161963 2021] [ssl:warn] [pid 1020:tid 560] AH01909: www.example.com:443:0 server certificate does NOT include an ID which matches the server name
[Wed Nov 03 13:27:11.534622 2021] [mpm_winnt:notice] [pid 1020:tid 560] AH00455: Apache/2.4.46 (Win64) OpenSSL/1.1.1j PHP/7.4.16 configured -- resuming normal operations
[Wed Nov 03 13:27:11.534622 2021] [mpm_winnt:notice] [pid 1020:tid 560] AH00456: Apache Lounge VC15 Server built: Feb 18 2021 10:09:17
[Wed Nov 03 13:27:11.534622 2021] [core:notice] [pid 1020:tid 560] AH00094: Command line: 'c:\\xampp\\apache\\bin\\httpd.exe -d C:/xampp/apache'
[Wed Nov 03 13:27:11.737655 2021] [mpm_winnt:notice] [pid 1020:tid 560] AH00418: Parent: Created child process 6648
[Wed Nov 03 13:27:13.268410 2021] [ssl:warn] [pid 6648:tid 552] AH01909: www.example.com:443:0 server certificate does NOT include an ID which matches the server name
[Wed Nov 03 13:27:13.830730 2021] [ssl:warn] [pid 6648:tid 552] AH01909: www.example.com:443:0 server certificate does NOT include an ID which matches the server name
[Wed Nov 03 13:27:14.268090 2021] [mpm_winnt:notice] [pid 6648:tid 552] AH00354: Child: Starting 150 worker threads.
[Sat Nov 06 15:08:18.761509 2021] [ssl:warn] [pid 556:tid 568] AH01909: www.example.com:443:0 server certificate does NOT include an ID which matches the server name
[Sat Nov 06 15:08:19.370686 2021] [core:warn] [pid 556:tid 568] AH00098: pid file C:/xampp/apache/logs/httpd.pid overwritten -- Unclean shutdown of previous Apache run?
[Sat Nov 06 15:08:19.386305 2021] [ssl:warn] [pid 556:tid 568] AH01909: www.example.com:443:0 server certificate does NOT include an ID which matches the server name
[Sat Nov 06 15:08:24.025433 2021] [mpm_winnt:notice] [pid 556:tid 568] AH00455: Apache/2.4.46 (Win64) OpenSSL/1.1.1j PHP/7.4.16 configured -- resuming normal operations
[Sat Nov 06 15:08:24.025433 2021] [mpm_winnt:notice] [pid 556:tid 568] AH00456: Apache Lounge VC15 Server built: Feb 18 2021 10:09:17
[Sat Nov 06 15:08:24.025433 2021] [core:notice] [pid 556:tid 568] AH00094: Command line: 'c:\\xampp\\apache\\bin\\httpd.exe -d C:/xampp/apache'
[Sat Nov 06 15:08:24.119235 2021] [mpm_winnt:notice] [pid 556:tid 568] AH00418: Parent: Created child process 5236
[Sat Nov 06 15:08:25.290693 2021] [ssl:warn] [pid 5236:tid 572] AH01909: www.example.com:443:0 server certificate does NOT include an ID which matches the server name
[Sat Nov 06 15:08:25.493713 2021] [ssl:warn] [pid 5236:tid 572] AH01909: www.example.com:443:0 server certificate does NOT include an ID which matches the server name
[Sat Nov 06 15:08:25.603132 2021] [mpm_winnt:notice] [pid 5236:tid 572] AH00354: Child: Starting 150 worker threads.
[Tue Nov 09 18:24:52.129061 2021] [ssl:warn] [pid 3980:tid 568] AH01909: www.example.com:443:0 server certificate does NOT include an ID which matches the server name
[Tue Nov 09 18:24:52.878866 2021] [core:warn] [pid 3980:tid 568] AH00098: pid file C:/xampp/apache/logs/httpd.pid overwritten -- Unclean shutdown of previous Apache run?
[Tue Nov 09 18:24:52.894500 2021] [ssl:warn] [pid 3980:tid 568] AH01909: www.example.com:443:0 server certificate does NOT include an ID which matches the server name
[Tue Nov 09 18:25:03.797311 2021] [mpm_winnt:notice] [pid 3980:tid 568] AH00455: Apache/2.4.46 (Win64) OpenSSL/1.1.1j PHP/7.4.16 configured -- resuming normal operations
[Tue Nov 09 18:25:03.797311 2021] [mpm_winnt:notice] [pid 3980:tid 568] AH00456: Apache Lounge VC15 Server built: Feb 18 2021 10:09:17
[Tue Nov 09 18:25:03.797311 2021] [core:notice] [pid 3980:tid 568] AH00094: Command line: 'c:\\xampp\\apache\\bin\\httpd.exe -d C:/xampp/apache'
[Tue Nov 09 18:25:04.234548 2021] [mpm_winnt:notice] [pid 3980:tid 568] AH00418: Parent: Created child process 6376
[Tue Nov 09 18:25:05.765383 2021] [ssl:warn] [pid 6376:tid 568] AH01909: www.example.com:443:0 server certificate does NOT include an ID which matches the server name
[Tue Nov 09 18:25:06.187125 2021] [ssl:warn] [pid 6376:tid 568] AH01909: www.example.com:443:0 server certificate does NOT include an ID which matches the server name
[Tue Nov 09 18:25:08.092737 2021] [mpm_winnt:notice] [pid 6376:tid 568] AH00354: Child: Starting 150 worker threads.
[Wed Nov 10 09:32:26.368076 2021] [ssl:warn] [pid 6040:tid 564] AH01909: www.example.com:443:0 server certificate does NOT include an ID which matches the server name
[Wed Nov 10 09:32:26.883536 2021] [core:warn] [pid 6040:tid 564] AH00098: pid file C:/xampp/apache/logs/httpd.pid overwritten -- Unclean shutdown of previous Apache run?
[Wed Nov 10 09:32:26.899233 2021] [ssl:warn] [pid 6040:tid 564] AH01909: www.example.com:443:0 server certificate does NOT include an ID which matches the server name
[Wed Nov 10 09:32:31.257210 2021] [mpm_winnt:notice] [pid 6040:tid 564] AH00455: Apache/2.4.46 (Win64) OpenSSL/1.1.1j PHP/7.4.16 configured -- resuming normal operations
[Wed Nov 10 09:32:31.257210 2021] [mpm_winnt:notice] [pid 6040:tid 564] AH00456: Apache Lounge VC15 Server built: Feb 18 2021 10:09:17
[Wed Nov 10 09:32:31.257210 2021] [core:notice] [pid 6040:tid 564] AH00094: Command line: 'c:\\xampp\\apache\\bin\\httpd.exe -d C:/xampp/apache'
[Wed Nov 10 09:32:31.366478 2021] [mpm_winnt:notice] [pid 6040:tid 564] AH00418: Parent: Created child process 2652
[Wed Nov 10 09:32:32.397470 2021] [ssl:warn] [pid 2652:tid 580] AH01909: www.example.com:443:0 server certificate does NOT include an ID which matches the server name
[Wed Nov 10 09:32:32.584876 2021] [ssl:warn] [pid 2652:tid 580] AH01909: www.example.com:443:0 server certificate does NOT include an ID which matches the server name
[Wed Nov 10 09:32:32.741034 2021] [mpm_winnt:notice] [pid 2652:tid 580] AH00354: Child: Starting 150 worker threads.
[Wed Nov 10 13:28:34.393830 2021] [ssl:warn] [pid 5392:tid 480] AH01909: www.example.com:443:0 server certificate does NOT include an ID which matches the server name
[Wed Nov 10 13:28:35.170064 2021] [core:warn] [pid 5392:tid 480] AH00098: pid file C:/xampp/apache/logs/httpd.pid overwritten -- Unclean shutdown of previous Apache run?
[Wed Nov 10 13:28:35.203066 2021] [ssl:warn] [pid 5392:tid 480] AH01909: www.example.com:443:0 server certificate does NOT include an ID which matches the server name
[Wed Nov 10 13:28:47.832408 2021] [mpm_winnt:notice] [pid 5392:tid 480] AH00455: Apache/2.4.46 (Win64) OpenSSL/1.1.1j PHP/7.4.16 configured -- resuming normal operations
[Wed Nov 10 13:28:47.833401 2021] [mpm_winnt:notice] [pid 5392:tid 480] AH00456: Apache Lounge VC15 Server built: Feb 18 2021 10:09:17
[Wed Nov 10 13:28:47.833401 2021] [core:notice] [pid 5392:tid 480] AH00094: Command line: 'c:\\xampp\\apache\\bin\\httpd.exe -d C:/xampp/apache'
[Wed Nov 10 13:28:48.125910 2021] [mpm_winnt:notice] [pid 5392:tid 480] AH00418: Parent: Created child process 7824
[Wed Nov 10 13:28:49.528795 2021] [ssl:warn] [pid 7824:tid 612] AH01909: www.example.com:443:0 server certificate does NOT include an ID which matches the server name
[Wed Nov 10 13:28:49.807878 2021] [ssl:warn] [pid 7824:tid 612] AH01909: www.example.com:443:0 server certificate does NOT include an ID which matches the server name
[Wed Nov 10 13:28:50.099790 2021] [mpm_winnt:notice] [pid 7824:tid 612] AH00354: Child: Starting 150 worker threads.
[Mon Nov 15 07:57:52.704471 2021] [ssl:warn] [pid 6084:tid 580] AH01909: www.example.com:443:0 server certificate does NOT include an ID which matches the server name
[Mon Nov 15 07:57:53.157373 2021] [core:warn] [pid 6084:tid 580] AH00098: pid file C:/xampp/apache/logs/httpd.pid overwritten -- Unclean shutdown of previous Apache run?
[Mon Nov 15 07:57:53.172994 2021] [ssl:warn] [pid 6084:tid 580] AH01909: www.example.com:443:0 server certificate does NOT include an ID which matches the server name
[Mon Nov 15 07:58:01.045465 2021] [mpm_winnt:notice] [pid 6084:tid 580] AH00455: Apache/2.4.46 (Win64) OpenSSL/1.1.1j PHP/7.4.16 configured -- resuming normal operations
[Mon Nov 15 07:58:01.045465 2021] [mpm_winnt:notice] [pid 6084:tid 580] AH00456: Apache Lounge VC15 Server built: Feb 18 2021 10:09:17
[Mon Nov 15 07:58:01.045465 2021] [core:notice] [pid 6084:tid 580] AH00094: Command line: 'c:\\xampp\\apache\\bin\\httpd.exe -d C:/xampp/apache'
[Mon Nov 15 07:58:01.170429 2021] [mpm_winnt:notice] [pid 6084:tid 580] AH00418: Parent: Created child process 6512
[Mon Nov 15 07:58:02.232587 2021] [ssl:warn] [pid 6512:tid 468] AH01909: www.example.com:443:0 server certificate does NOT include an ID which matches the server name
[Mon Nov 15 07:58:02.466888 2021] [ssl:warn] [pid 6512:tid 468] AH01909: www.example.com:443:0 server certificate does NOT include an ID which matches the server name
[Mon Nov 15 07:58:02.810604 2021] [mpm_winnt:notice] [pid 6512:tid 468] AH00354: Child: Starting 150 worker threads.
[Tue Nov 16 19:55:30.015299 2021] [ssl:warn] [pid 4880:tid 572] AH01909: www.example.com:443:0 server certificate does NOT include an ID which matches the server name
[Tue Nov 16 19:55:30.437040 2021] [core:warn] [pid 4880:tid 572] AH00098: pid file C:/xampp/apache/logs/httpd.pid overwritten -- Unclean shutdown of previous Apache run?
[Tue Nov 16 19:55:30.452668 2021] [ssl:warn] [pid 4880:tid 572] AH01909: www.example.com:443:0 server certificate does NOT include an ID which matches the server name
[Tue Nov 16 19:55:34.888735 2021] [mpm_winnt:notice] [pid 4880:tid 572] AH00455: Apache/2.4.46 (Win64) OpenSSL/1.1.1j PHP/7.4.16 configured -- resuming normal operations
[Tue Nov 16 19:55:34.888735 2021] [mpm_winnt:notice] [pid 4880:tid 572] AH00456: Apache Lounge VC15 Server built: Feb 18 2021 10:09:17
[Tue Nov 16 19:55:34.888735 2021] [core:notice] [pid 4880:tid 572] AH00094: Command line: 'c:\\xampp\\apache\\bin\\httpd.exe -d C:/xampp/apache'
[Tue Nov 16 19:55:35.013697 2021] [mpm_winnt:notice] [pid 4880:tid 572] AH00418: Parent: Created child process 1336
[Tue Nov 16 19:55:35.919654 2021] [ssl:warn] [pid 1336:tid 464] AH01909: www.example.com:443:0 server certificate does NOT include an ID which matches the server name
[Tue Nov 16 19:55:36.153958 2021] [ssl:warn] [pid 1336:tid 464] AH01909: www.example.com:443:0 server certificate does NOT include an ID which matches the server name
[Tue Nov 16 19:55:36.357136 2021] [mpm_winnt:notice] [pid 1336:tid 464] AH00354: Child: Starting 150 worker threads.
[Wed Nov 17 19:32:22.538078 2021] [ssl:warn] [pid 1552:tid 456] AH01909: www.example.com:443:0 server certificate does NOT include an ID which matches the server name
[Wed Nov 17 19:32:26.583727 2021] [core:warn] [pid 1552:tid 456] AH00098: pid file C:/xampp/apache/logs/httpd.pid overwritten -- Unclean shutdown of previous Apache run?
[Wed Nov 17 19:32:26.614892 2021] [ssl:warn] [pid 1552:tid 456] AH01909: www.example.com:443:0 server certificate does NOT include an ID which matches the server name
[Wed Nov 17 19:32:50.716596 2021] [mpm_winnt:notice] [pid 1552:tid 456] AH00455: Apache/2.4.46 (Win64) OpenSSL/1.1.1j PHP/7.4.16 configured -- resuming normal operations
[Wed Nov 17 19:32:50.716596 2021] [mpm_winnt:notice] [pid 1552:tid 456] AH00456: Apache Lounge VC15 Server built: Feb 18 2021 10:09:17
[Wed Nov 17 19:32:50.716596 2021] [core:notice] [pid 1552:tid 456] AH00094: Command line: 'c:\\xampp\\apache\\bin\\httpd.exe -d C:/xampp/apache'
[Wed Nov 17 19:32:51.169502 2021] [mpm_winnt:notice] [pid 1552:tid 456] AH00418: Parent: Created child process 7864
[Wed Nov 17 19:32:53.934239 2021] [ssl:warn] [pid 7864:tid 596] AH01909: www.example.com:443:0 server certificate does NOT include an ID which matches the server name
[Wed Nov 17 19:32:54.574653 2021] [ssl:warn] [pid 7864:tid 596] AH01909: www.example.com:443:0 server certificate does NOT include an ID which matches the server name
[Wed Nov 17 19:32:55.793012 2021] [mpm_winnt:notice] [pid 7864:tid 596] AH00354: Child: Starting 150 worker threads.
[Wed Nov 17 20:38:10.896044 2021] [php7:error] [pid 7864:tid 1848] [client ::1:1057] PHP Fatal error:  Maximum execution time of 120 seconds exceeded in C:\\xampp\\phpMyAdmin\\libraries\\classes\\Session.php on line 205
[Wed Nov 17 20:38:12.357457 2021] [php7:error] [pid 7864:tid 1840] [client ::1:1060] PHP Fatal error:  Maximum execution time of 120 seconds exceeded in C:\\xampp\\phpMyAdmin\\libraries\\classes\\Session.php on line 205
[Thu Nov 18 10:53:05.118211 2021] [ssl:warn] [pid 5464:tid 448] AH01909: www.example.com:443:0 server certificate does NOT include an ID which matches the server name
[Thu Nov 18 10:53:05.461880 2021] [core:warn] [pid 5464:tid 448] AH00098: pid file C:/xampp/apache/logs/httpd.pid overwritten -- Unclean shutdown of previous Apache run?
[Thu Nov 18 10:53:05.493120 2021] [ssl:warn] [pid 5464:tid 448] AH01909: www.example.com:443:0 server certificate does NOT include an ID which matches the server name
[Thu Nov 18 10:53:09.772944 2021] [mpm_winnt:notice] [pid 5464:tid 448] AH00455: Apache/2.4.46 (Win64) OpenSSL/1.1.1j PHP/7.4.16 configured -- resuming normal operations
[Thu Nov 18 10:53:09.772944 2021] [mpm_winnt:notice] [pid 5464:tid 448] AH00456: Apache Lounge VC15 Server built: Feb 18 2021 10:09:17
[Thu Nov 18 10:53:09.772944 2021] [core:notice] [pid 5464:tid 448] AH00094: Command line: 'c:\\xampp\\apache\\bin\\httpd.exe -d C:/xampp/apache'
[Thu Nov 18 10:53:09.929118 2021] [mpm_winnt:notice] [pid 5464:tid 448] AH00418: Parent: Created child process 1772
[Thu Nov 18 10:53:11.022518 2021] [ssl:warn] [pid 1772:tid 564] AH01909: www.example.com:443:0 server certificate does NOT include an ID which matches the server name
[Thu Nov 18 10:53:11.225581 2021] [ssl:warn] [pid 1772:tid 564] AH01909: www.example.com:443:0 server certificate does NOT include an ID which matches the server name
[Thu Nov 18 10:53:11.491253 2021] [mpm_winnt:notice] [pid 1772:tid 564] AH00354: Child: Starting 150 worker threads.
[Thu Nov 18 14:11:30.981641 2021] [ssl:warn] [pid 1892:tid 524] AH01909: www.example.com:443:0 server certificate does NOT include an ID which matches the server name
[Thu Nov 18 14:11:35.120940 2021] [core:warn] [pid 1892:tid 524] AH00098: pid file C:/xampp/apache/logs/httpd.pid overwritten -- Unclean shutdown of previous Apache run?
[Thu Nov 18 14:11:35.136557 2021] [ssl:warn] [pid 1892:tid 524] AH01909: www.example.com:443:0 server certificate does NOT include an ID which matches the server name
[Thu Nov 18 14:11:48.554212 2021] [mpm_winnt:notice] [pid 1892:tid 524] AH00455: Apache/2.4.46 (Win64) OpenSSL/1.1.1j PHP/7.4.16 configured -- resuming normal operations
[Thu Nov 18 14:11:48.554212 2021] [mpm_winnt:notice] [pid 1892:tid 524] AH00456: Apache Lounge VC15 Server built: Feb 18 2021 10:09:17
[Thu Nov 18 14:11:48.569884 2021] [core:notice] [pid 1892:tid 524] AH00094: Command line: 'c:\\xampp\\apache\\bin\\httpd.exe -d C:/xampp/apache'
[Thu Nov 18 14:11:48.960256 2021] [mpm_winnt:notice] [pid 1892:tid 524] AH00418: Parent: Created child process 6152
[Thu Nov 18 14:11:50.272328 2021] [ssl:warn] [pid 6152:tid 568] AH01909: www.example.com:443:0 server certificate does NOT include an ID which matches the server name
[Thu Nov 18 14:11:50.506634 2021] [ssl:warn] [pid 6152:tid 568] AH01909: www.example.com:443:0 server certificate does NOT include an ID which matches the server name
[Thu Nov 18 14:11:50.740933 2021] [mpm_winnt:notice] [pid 6152:tid 568] AH00354: Child: Starting 150 worker threads.
[Sun Nov 21 21:46:45.959439 2021] [ssl:warn] [pid 6300:tid 588] AH01909: www.example.com:443:0 server certificate does NOT include an ID which matches the server name
[Sun Nov 21 21:46:46.423240 2021] [core:warn] [pid 6300:tid 588] AH00098: pid file C:/xampp/apache/logs/httpd.pid overwritten -- Unclean shutdown of previous Apache run?
[Sun Nov 21 21:46:46.452853 2021] [ssl:warn] [pid 6300:tid 588] AH01909: www.example.com:443:0 server certificate does NOT include an ID which matches the server name
[Sun Nov 21 21:46:55.709621 2021] [mpm_winnt:notice] [pid 6300:tid 588] AH00455: Apache/2.4.46 (Win64) OpenSSL/1.1.1j PHP/7.4.16 configured -- resuming normal operations
[Sun Nov 21 21:46:55.709621 2021] [mpm_winnt:notice] [pid 6300:tid 588] AH00456: Apache Lounge VC15 Server built: Feb 18 2021 10:09:17
[Sun Nov 21 21:46:55.709621 2021] [core:notice] [pid 6300:tid 588] AH00094: Command line: 'c:\\xampp\\apache\\bin\\httpd.exe -d C:/xampp/apache'
[Sun Nov 21 21:46:56.096386 2021] [mpm_winnt:notice] [pid 6300:tid 588] AH00418: Parent: Created child process 6512
[Sun Nov 21 21:46:57.772143 2021] [ssl:warn] [pid 6512:tid 460] AH01909: www.example.com:443:0 server certificate does NOT include an ID which matches the server name
[Sun Nov 21 21:46:58.024332 2021] [ssl:warn] [pid 6512:tid 460] AH01909: www.example.com:443:0 server certificate does NOT include an ID which matches the server name
[Sun Nov 21 21:46:58.273528 2021] [mpm_winnt:notice] [pid 6512:tid 460] AH00354: Child: Starting 150 worker threads.
[Mon Nov 22 21:56:13.546031 2021] [ssl:warn] [pid 4264:tid 568] AH01909: www.example.com:443:0 server certificate does NOT include an ID which matches the server name
[Mon Nov 22 21:56:15.873458 2021] [core:warn] [pid 4264:tid 568] AH00098: pid file C:/xampp/apache/logs/httpd.pid overwritten -- Unclean shutdown of previous Apache run?
[Mon Nov 22 21:56:15.904572 2021] [ssl:warn] [pid 4264:tid 568] AH01909: www.example.com:443:0 server certificate does NOT include an ID which matches the server name
[Mon Nov 22 21:56:30.696753 2021] [mpm_winnt:notice] [pid 4264:tid 568] AH00455: Apache/2.4.46 (Win64) OpenSSL/1.1.1j PHP/7.4.16 configured -- resuming normal operations
[Mon Nov 22 21:56:30.696753 2021] [mpm_winnt:notice] [pid 4264:tid 568] AH00456: Apache Lounge VC15 Server built: Feb 18 2021 10:09:17
[Mon Nov 22 21:56:30.696753 2021] [core:notice] [pid 4264:tid 568] AH00094: Command line: 'c:\\xampp\\apache\\bin\\httpd.exe -d C:/xampp/apache'
[Mon Nov 22 21:56:31.009092 2021] [mpm_winnt:notice] [pid 4264:tid 568] AH00418: Parent: Created child process 6668
[Mon Nov 22 21:56:37.054018 2021] [ssl:warn] [pid 6668:tid 528] AH01909: www.example.com:443:0 server certificate does NOT include an ID which matches the server name
[Mon Nov 22 21:56:37.507033 2021] [ssl:warn] [pid 6668:tid 528] AH01909: www.example.com:443:0 server certificate does NOT include an ID which matches the server name
[Mon Nov 22 21:56:40.224881 2021] [mpm_winnt:notice] [pid 6668:tid 528] AH00354: Child: Starting 150 worker threads.
[Fri Nov 26 15:18:09.430687 2021] [ssl:warn] [pid 352:tid 564] AH01909: www.example.com:443:0 server certificate does NOT include an ID which matches the server name
[Fri Nov 26 15:18:09.758738 2021] [core:warn] [pid 352:tid 564] AH00098: pid file C:/xampp/apache/logs/httpd.pid overwritten -- Unclean shutdown of previous Apache run?
[Fri Nov 26 15:18:09.821110 2021] [ssl:warn] [pid 352:tid 564] AH01909: www.example.com:443:0 server certificate does NOT include an ID which matches the server name
[Fri Nov 26 15:18:15.319421 2021] [mpm_winnt:notice] [pid 352:tid 564] AH00455: Apache/2.4.46 (Win64) OpenSSL/1.1.1j PHP/7.4.16 configured -- resuming normal operations
[Fri Nov 26 15:18:15.319421 2021] [mpm_winnt:notice] [pid 352:tid 564] AH00456: Apache Lounge VC15 Server built: Feb 18 2021 10:09:17
[Fri Nov 26 15:18:15.319421 2021] [core:notice] [pid 352:tid 564] AH00094: Command line: 'c:\\xampp\\apache\\bin\\httpd.exe -d C:/xampp/apache'
[Fri Nov 26 15:18:15.413069 2021] [mpm_winnt:notice] [pid 352:tid 564] AH00418: Parent: Created child process 7088
[Fri Nov 26 15:18:16.334641 2021] [ssl:warn] [pid 7088:tid 568] AH01909: www.example.com:443:0 server certificate does NOT include an ID which matches the server name
[Fri Nov 26 15:18:16.522084 2021] [ssl:warn] [pid 7088:tid 568] AH01909: www.example.com:443:0 server certificate does NOT include an ID which matches the server name
[Fri Nov 26 15:18:16.709635 2021] [mpm_winnt:notice] [pid 7088:tid 568] AH00354: Child: Starting 150 worker threads.
[Sat Nov 27 11:08:36.317449 2021] [ssl:warn] [pid 6908:tid 584] AH01909: www.example.com:443:0 server certificate does NOT include an ID which matches the server name
[Sat Nov 27 11:08:37.426470 2021] [core:warn] [pid 6908:tid 584] AH00098: pid file C:/xampp/apache/logs/httpd.pid overwritten -- Unclean shutdown of previous Apache run?
[Sat Nov 27 11:08:37.613908 2021] [ssl:warn] [pid 6908:tid 584] AH01909: www.example.com:443:0 server certificate does NOT include an ID which matches the server name
[Sat Nov 27 11:09:04.370963 2021] [mpm_winnt:notice] [pid 6908:tid 584] AH00455: Apache/2.4.46 (Win64) OpenSSL/1.1.1j PHP/7.4.16 configured -- resuming normal operations
[Sat Nov 27 11:09:04.370963 2021] [mpm_winnt:notice] [pid 6908:tid 584] AH00456: Apache Lounge VC15 Server built: Feb 18 2021 10:09:17
[Sat Nov 27 11:09:04.370963 2021] [core:notice] [pid 6908:tid 584] AH00094: Command line: 'c:\\xampp\\apache\\bin\\httpd.exe -d C:/xampp/apache'
[Sat Nov 27 11:09:04.745844 2021] [mpm_winnt:notice] [pid 6908:tid 584] AH00418: Parent: Created child process 1204
[Sat Nov 27 11:09:07.291907 2021] [ssl:warn] [pid 1204:tid 568] AH01909: www.example.com:443:0 server certificate does NOT include an ID which matches the server name
[Sat Nov 27 11:09:07.526202 2021] [ssl:warn] [pid 1204:tid 568] AH01909: www.example.com:443:0 server certificate does NOT include an ID which matches the server name
[Sat Nov 27 11:09:08.728943 2021] [mpm_winnt:notice] [pid 1204:tid 568] AH00354: Child: Starting 150 worker threads.
[Sat Nov 27 19:50:50.607206 2021] [ssl:warn] [pid 4416:tid 448] AH01909: www.example.com:443:0 server certificate does NOT include an ID which matches the server name
[Sat Nov 27 19:50:51.060163 2021] [core:warn] [pid 4416:tid 448] AH00098: pid file C:/xampp/apache/logs/httpd.pid overwritten -- Unclean shutdown of previous Apache run?
[Sat Nov 27 19:50:51.169383 2021] [ssl:warn] [pid 4416:tid 448] AH01909: www.example.com:443:0 server certificate does NOT include an ID which matches the server name
[Sat Nov 27 19:50:58.167129 2021] [mpm_winnt:notice] [pid 4416:tid 448] AH00455: Apache/2.4.46 (Win64) OpenSSL/1.1.1j PHP/7.4.16 configured -- resuming normal operations
[Sat Nov 27 19:50:58.167129 2021] [mpm_winnt:notice] [pid 4416:tid 448] AH00456: Apache Lounge VC15 Server built: Feb 18 2021 10:09:17
[Sat Nov 27 19:50:58.167129 2021] [core:notice] [pid 4416:tid 448] AH00094: Command line: 'c:\\xampp\\apache\\bin\\httpd.exe -d C:/xampp/apache'
[Sat Nov 27 19:50:58.417051 2021] [mpm_winnt:notice] [pid 4416:tid 448] AH00418: Parent: Created child process 3584
[Sat Nov 27 19:50:59.682269 2021] [ssl:warn] [pid 3584:tid 568] AH01909: www.example.com:443:0 server certificate does NOT include an ID which matches the server name
[Sat Nov 27 19:50:59.916607 2021] [ssl:warn] [pid 3584:tid 568] AH01909: www.example.com:443:0 server certificate does NOT include an ID which matches the server name
[Sat Nov 27 19:51:00.275836 2021] [mpm_winnt:notice] [pid 3584:tid 568] AH00354: Child: Starting 150 worker threads.
[Sun Nov 28 14:22:28.259869 2021] [ssl:warn] [pid 6340:tid 580] AH01909: www.example.com:443:0 server certificate does NOT include an ID which matches the server name
[Sun Nov 28 14:22:28.650370 2021] [core:warn] [pid 6340:tid 580] AH00098: pid file C:/xampp/apache/logs/httpd.pid overwritten -- Unclean shutdown of previous Apache run?
[Sun Nov 28 14:22:28.681682 2021] [ssl:warn] [pid 6340:tid 580] AH01909: www.example.com:443:0 server certificate does NOT include an ID which matches the server name
[Sun Nov 28 14:22:33.976881 2021] [mpm_winnt:notice] [pid 6340:tid 580] AH00455: Apache/2.4.46 (Win64) OpenSSL/1.1.1j PHP/7.4.16 configured -- resuming normal operations
[Sun Nov 28 14:22:33.976881 2021] [mpm_winnt:notice] [pid 6340:tid 580] AH00456: Apache Lounge VC15 Server built: Feb 18 2021 10:09:17
[Sun Nov 28 14:22:33.976881 2021] [core:notice] [pid 6340:tid 580] AH00094: Command line: 'c:\\xampp\\apache\\bin\\httpd.exe -d C:/xampp/apache'
[Sun Nov 28 14:22:34.101742 2021] [mpm_winnt:notice] [pid 6340:tid 580] AH00418: Parent: Created child process 7044
[Sun Nov 28 14:22:34.945213 2021] [ssl:warn] [pid 7044:tid 572] AH01909: www.example.com:443:0 server certificate does NOT include an ID which matches the server name
[Sun Nov 28 14:22:35.148320 2021] [ssl:warn] [pid 7044:tid 572] AH01909: www.example.com:443:0 server certificate does NOT include an ID which matches the server name
[Sun Nov 28 14:22:35.351381 2021] [mpm_winnt:notice] [pid 7044:tid 572] AH00354: Child: Starting 150 worker threads.
[Sun Nov 28 15:18:49.243799 2021] [ssl:warn] [pid 6576:tid 576] AH01909: www.example.com:443:0 server certificate does NOT include an ID which matches the server name
[Sun Nov 28 15:18:49.509335 2021] [core:warn] [pid 6576:tid 576] AH00098: pid file C:/xampp/apache/logs/httpd.pid overwritten -- Unclean shutdown of previous Apache run?
[Sun Nov 28 15:18:49.556076 2021] [ssl:warn] [pid 6576:tid 576] AH01909: www.example.com:443:0 server certificate does NOT include an ID which matches the server name
[Sun Nov 28 15:18:50.930630 2021] [mpm_winnt:notice] [pid 6576:tid 576] AH00455: Apache/2.4.46 (Win64) OpenSSL/1.1.1j PHP/7.4.16 configured -- resuming normal operations
[Sun Nov 28 15:18:50.930630 2021] [mpm_winnt:notice] [pid 6576:tid 576] AH00456: Apache Lounge VC15 Server built: Feb 18 2021 10:09:17
[Sun Nov 28 15:18:50.930630 2021] [core:notice] [pid 6576:tid 576] AH00094: Command line: 'c:\\xampp\\apache\\bin\\httpd.exe -d C:/xampp/apache'
[Sun Nov 28 15:18:51.055664 2021] [mpm_winnt:notice] [pid 6576:tid 576] AH00418: Parent: Created child process 9720
[Sun Nov 28 15:18:51.883449 2021] [ssl:warn] [pid 9720:tid 576] AH01909: www.example.com:443:0 server certificate does NOT include an ID which matches the server name
[Sun Nov 28 15:18:52.008407 2021] [ssl:warn] [pid 9720:tid 576] AH01909: www.example.com:443:0 server certificate does NOT include an ID which matches the server name
[Sun Nov 28 15:18:52.148985 2021] [mpm_winnt:notice] [pid 9720:tid 576] AH00354: Child: Starting 150 worker threads.
[Sun Nov 28 19:42:04.899955 2021] [ssl:warn] [pid 6140:tid 560] AH01909: www.example.com:443:0 server certificate does NOT include an ID which matches the server name
[Sun Nov 28 19:42:05.477890 2021] [core:warn] [pid 6140:tid 560] AH00098: pid file C:/xampp/apache/logs/httpd.pid overwritten -- Unclean shutdown of previous Apache run?
[Sun Nov 28 19:42:05.524751 2021] [ssl:warn] [pid 6140:tid 560] AH01909: www.example.com:443:0 server certificate does NOT include an ID which matches the server name
[Sun Nov 28 19:42:13.694005 2021] [mpm_winnt:notice] [pid 6140:tid 560] AH00455: Apache/2.4.46 (Win64) OpenSSL/1.1.1j PHP/7.4.16 configured -- resuming normal operations
[Sun Nov 28 19:42:13.694005 2021] [mpm_winnt:notice] [pid 6140:tid 560] AH00456: Apache Lounge VC15 Server built: Feb 18 2021 10:09:17
[Sun Nov 28 19:42:13.709626 2021] [core:notice] [pid 6140:tid 560] AH00094: Command line: 'c:\\xampp\\apache\\bin\\httpd.exe -d C:/xampp/apache'
[Sun Nov 28 19:42:13.834600 2021] [mpm_winnt:notice] [pid 6140:tid 560] AH00418: Parent: Created child process 5624
[Sun Nov 28 19:42:15.052949 2021] [ssl:warn] [pid 5624:tid 588] AH01909: www.example.com:443:0 server certificate does NOT include an ID which matches the server name
[Sun Nov 28 19:42:15.271629 2021] [ssl:warn] [pid 5624:tid 588] AH01909: www.example.com:443:0 server certificate does NOT include an ID which matches the server name
[Sun Nov 28 19:42:15.693386 2021] [mpm_winnt:notice] [pid 5624:tid 588] AH00354: Child: Starting 150 worker threads.
[Mon Nov 29 08:37:41.230376 2021] [ssl:warn] [pid 6888:tid 576] AH01909: www.example.com:443:0 server certificate does NOT include an ID which matches the server name
[Mon Nov 29 08:37:41.620905 2021] [core:warn] [pid 6888:tid 576] AH00098: pid file C:/xampp/apache/logs/httpd.pid overwritten -- Unclean shutdown of previous Apache run?
[Mon Nov 29 08:37:41.652116 2021] [ssl:warn] [pid 6888:tid 576] AH01909: www.example.com:443:0 server certificate does NOT include an ID which matches the server name
[Mon Nov 29 08:37:45.697818 2021] [mpm_winnt:notice] [pid 6888:tid 576] AH00455: Apache/2.4.46 (Win64) OpenSSL/1.1.1j PHP/7.4.16 configured -- resuming normal operations
[Mon Nov 29 08:37:45.697818 2021] [mpm_winnt:notice] [pid 6888:tid 576] AH00456: Apache Lounge VC15 Server built: Feb 18 2021 10:09:17
[Mon Nov 29 08:37:45.697818 2021] [core:notice] [pid 6888:tid 576] AH00094: Command line: 'c:\\xampp\\apache\\bin\\httpd.exe -d C:/xampp/apache'
[Mon Nov 29 08:37:45.791412 2021] [mpm_winnt:notice] [pid 6888:tid 576] AH00418: Parent: Created child process 5608
[Mon Nov 29 08:37:46.791093 2021] [ssl:warn] [pid 5608:tid 568] AH01909: www.example.com:443:0 server certificate does NOT include an ID which matches the server name
[Mon Nov 29 08:37:46.994196 2021] [ssl:warn] [pid 5608:tid 568] AH01909: www.example.com:443:0 server certificate does NOT include an ID which matches the server name
[Mon Nov 29 08:37:47.212960 2021] [mpm_winnt:notice] [pid 5608:tid 568] AH00354: Child: Starting 150 worker threads.
[Mon Nov 29 15:17:52.010179 2021] [ssl:warn] [pid 4480:tid 560] AH01909: www.example.com:443:0 server certificate does NOT include an ID which matches the server name
[Mon Nov 29 15:17:53.962729 2021] [core:warn] [pid 4480:tid 560] AH00098: pid file C:/xampp/apache/logs/httpd.pid overwritten -- Unclean shutdown of previous Apache run?
[Mon Nov 29 15:17:54.072022 2021] [ssl:warn] [pid 4480:tid 560] AH01909: www.example.com:443:0 server certificate does NOT include an ID which matches the server name
[Mon Nov 29 15:18:25.358876 2021] [mpm_winnt:notice] [pid 4480:tid 560] AH00455: Apache/2.4.46 (Win64) OpenSSL/1.1.1j PHP/7.4.16 configured -- resuming normal operations
[Mon Nov 29 15:18:25.358876 2021] [mpm_winnt:notice] [pid 4480:tid 560] AH00456: Apache Lounge VC15 Server built: Feb 18 2021 10:09:17
[Mon Nov 29 15:18:25.358876 2021] [core:notice] [pid 4480:tid 560] AH00094: Command line: 'c:\\xampp\\apache\\bin\\httpd.exe -d C:/xampp/apache'
[Mon Nov 29 15:18:26.858391 2021] [mpm_winnt:notice] [pid 4480:tid 560] AH00418: Parent: Created child process 5528
[Mon Nov 29 15:18:34.559128 2021] [ssl:warn] [pid 5528:tid 568] AH01909: www.example.com:443:0 server certificate does NOT include an ID which matches the server name
[Mon Nov 29 15:18:35.043350 2021] [ssl:warn] [pid 5528:tid 568] AH01909: www.example.com:443:0 server certificate does NOT include an ID which matches the server name
[Mon Nov 29 15:18:37.624529 2021] [mpm_winnt:notice] [pid 5528:tid 568] AH00354: Child: Starting 150 worker threads.
[Mon Nov 29 15:29:59.644139 2021] [php7:error] [pid 5528:tid 1836] [client ::1:1243] PHP Fatal error:  Maximum execution time of 120 seconds exceeded in C:\\xampp\\phpMyAdmin\\libraries\\classes\\UserPreferences.php on line 289, referer: http://localhost:81/dashboard/
[Mon Nov 29 15:30:03.800953 2021] [php7:error] [pid 5528:tid 1844] [client ::1:1244] PHP Fatal error:  Maximum execution time of 120 seconds exceeded in C:\\xampp\\phpMyAdmin\\vendor\\pragmarx\\google2fa\\src\\Google2FA.php on line 11, referer: http://localhost:81/dashboard/
[Tue Nov 30 15:29:14.472922 2021] [ssl:warn] [pid 6440:tid 560] AH01909: www.example.com:443:0 server certificate does NOT include an ID which matches the server name
[Tue Nov 30 15:29:15.394502 2021] [core:warn] [pid 6440:tid 560] AH00098: pid file C:/xampp/apache/logs/httpd.pid overwritten -- Unclean shutdown of previous Apache run?
[Tue Nov 30 15:29:15.503881 2021] [ssl:warn] [pid 6440:tid 560] AH01909: www.example.com:443:0 server certificate does NOT include an ID which matches the server name
[Tue Nov 30 15:29:23.235732 2021] [mpm_winnt:notice] [pid 6440:tid 560] AH00455: Apache/2.4.46 (Win64) OpenSSL/1.1.1j PHP/7.4.16 configured -- resuming normal operations
[Tue Nov 30 15:29:23.235732 2021] [mpm_winnt:notice] [pid 6440:tid 560] AH00456: Apache Lounge VC15 Server built: Feb 18 2021 10:09:17
[Tue Nov 30 15:29:23.235732 2021] [core:notice] [pid 6440:tid 560] AH00094: Command line: 'c:\\xampp\\apache\\bin\\httpd.exe -d C:/xampp/apache'
[Tue Nov 30 15:29:23.829295 2021] [mpm_winnt:notice] [pid 6440:tid 560] AH00418: Parent: Created child process 8104
[Tue Nov 30 15:29:25.984847 2021] [ssl:warn] [pid 8104:tid 568] AH01909: www.example.com:443:0 server certificate does NOT include an ID which matches the server name
[Tue Nov 30 15:29:26.172298 2021] [ssl:warn] [pid 8104:tid 568] AH01909: www.example.com:443:0 server certificate does NOT include an ID which matches the server name
[Tue Nov 30 15:29:26.390983 2021] [mpm_winnt:notice] [pid 8104:tid 568] AH00354: Child: Starting 150 worker threads.
[Wed Dec 01 11:41:17.525673 2021] [ssl:warn] [pid 7084:tid 564] AH01909: www.example.com:443:0 server certificate does NOT include an ID which matches the server name
[Wed Dec 01 11:41:19.931151 2021] [core:warn] [pid 7084:tid 564] AH00098: pid file C:/xampp/apache/logs/httpd.pid overwritten -- Unclean shutdown of previous Apache run?
[Wed Dec 01 11:41:19.962393 2021] [ssl:warn] [pid 7084:tid 564] AH01909: www.example.com:443:0 server certificate does NOT include an ID which matches the server name
[Wed Dec 01 11:41:39.096997 2021] [mpm_winnt:notice] [pid 7084:tid 564] AH00455: Apache/2.4.46 (Win64) OpenSSL/1.1.1j PHP/7.4.16 configured -- resuming normal operations
[Wed Dec 01 11:41:39.096997 2021] [mpm_winnt:notice] [pid 7084:tid 564] AH00456: Apache Lounge VC15 Server built: Feb 18 2021 10:09:17
[Wed Dec 01 11:41:39.096997 2021] [core:notice] [pid 7084:tid 564] AH00094: Command line: 'c:\\xampp\\apache\\bin\\httpd.exe -d C:/xampp/apache'
[Wed Dec 01 11:41:39.877873 2021] [mpm_winnt:notice] [pid 7084:tid 564] AH00418: Parent: Created child process 6200
[Wed Dec 01 11:41:48.156471 2021] [ssl:warn] [pid 6200:tid 580] AH01909: www.example.com:443:0 server certificate does NOT include an ID which matches the server name
[Wed Dec 01 11:41:48.968704 2021] [ssl:warn] [pid 6200:tid 580] AH01909: www.example.com:443:0 server certificate does NOT include an ID which matches the server name
[Wed Dec 01 11:41:53.092382 2021] [mpm_winnt:notice] [pid 6200:tid 580] AH00354: Child: Starting 150 worker threads.
[Wed Dec 01 21:15:40.905113 2021] [ssl:warn] [pid 7028:tid 468] AH01909: www.example.com:443:0 server certificate does NOT include an ID which matches the server name
[Wed Dec 01 21:15:41.389398 2021] [core:warn] [pid 7028:tid 468] AH00098: pid file C:/xampp/apache/logs/httpd.pid overwritten -- Unclean shutdown of previous Apache run?
[Wed Dec 01 21:15:41.483057 2021] [ssl:warn] [pid 7028:tid 468] AH01909: www.example.com:443:0 server certificate does NOT include an ID which matches the server name
[Wed Dec 01 21:15:56.572009 2021] [mpm_winnt:notice] [pid 7028:tid 468] AH00455: Apache/2.4.46 (Win64) OpenSSL/1.1.1j PHP/7.4.16 configured -- resuming normal operations
[Wed Dec 01 21:15:56.572009 2021] [mpm_winnt:notice] [pid 7028:tid 468] AH00456: Apache Lounge VC15 Server built: Feb 18 2021 10:09:17
[Wed Dec 01 21:15:56.587640 2021] [core:notice] [pid 7028:tid 468] AH00094: Command line: 'c:\\xampp\\apache\\bin\\httpd.exe -d C:/xampp/apache'
[Wed Dec 01 21:15:57.118665 2021] [mpm_winnt:notice] [pid 7028:tid 468] AH00418: Parent: Created child process 4708
[Wed Dec 01 21:16:03.101121 2021] [ssl:warn] [pid 4708:tid 568] AH01909: www.example.com:443:0 server certificate does NOT include an ID which matches the server name
[Wed Dec 01 21:16:03.366691 2021] [ssl:warn] [pid 4708:tid 568] AH01909: www.example.com:443:0 server certificate does NOT include an ID which matches the server name
[Wed Dec 01 21:16:07.865219 2021] [mpm_winnt:notice] [pid 4708:tid 568] AH00354: Child: Starting 150 worker threads.
[Thu Dec 02 20:48:01.039614 2021] [ssl:warn] [pid 6784:tid 520] AH01909: www.example.com:443:0 server certificate does NOT include an ID which matches the server name
[Thu Dec 02 20:48:01.398795 2021] [core:warn] [pid 6784:tid 520] AH00098: pid file C:/xampp/apache/logs/httpd.pid overwritten -- Unclean shutdown of previous Apache run?
[Thu Dec 02 20:48:01.445699 2021] [ssl:warn] [pid 6784:tid 520] AH01909: www.example.com:443:0 server certificate does NOT include an ID which matches the server name
[Thu Dec 02 20:48:06.162974 2021] [mpm_winnt:notice] [pid 6784:tid 520] AH00455: Apache/2.4.46 (Win64) OpenSSL/1.1.1j PHP/7.4.16 configured -- resuming normal operations
[Thu Dec 02 20:48:06.162974 2021] [mpm_winnt:notice] [pid 6784:tid 520] AH00456: Apache Lounge VC15 Server built: Feb 18 2021 10:09:17
[Thu Dec 02 20:48:06.162974 2021] [core:notice] [pid 6784:tid 520] AH00094: Command line: 'c:\\xampp\\apache\\bin\\httpd.exe -d C:/xampp/apache'
[Thu Dec 02 20:48:06.256616 2021] [mpm_winnt:notice] [pid 6784:tid 520] AH00418: Parent: Created child process 5260
[Thu Dec 02 20:48:07.240672 2021] [ssl:warn] [pid 5260:tid 564] AH01909: www.example.com:443:0 server certificate does NOT include an ID which matches the server name
[Thu Dec 02 20:48:07.443737 2021] [ssl:warn] [pid 5260:tid 564] AH01909: www.example.com:443:0 server certificate does NOT include an ID which matches the server name
[Thu Dec 02 20:48:07.912377 2021] [mpm_winnt:notice] [pid 5260:tid 564] AH00354: Child: Starting 150 worker threads.
[Fri Dec 03 22:11:51.411033 2021] [ssl:warn] [pid 328:tid 548] AH01909: www.example.com:443:0 server certificate does NOT include an ID which matches the server name
[Fri Dec 03 22:11:51.879681 2021] [core:warn] [pid 328:tid 548] AH00098: pid file C:/xampp/apache/logs/httpd.pid overwritten -- Unclean shutdown of previous Apache run?
[Fri Dec 03 22:11:51.910951 2021] [ssl:warn] [pid 328:tid 548] AH01909: www.example.com:443:0 server certificate does NOT include an ID which matches the server name
[Fri Dec 03 22:12:02.579334 2021] [mpm_winnt:notice] [pid 328:tid 548] AH00455: Apache/2.4.46 (Win64) OpenSSL/1.1.1j PHP/7.4.16 configured -- resuming normal operations
[Fri Dec 03 22:12:02.579334 2021] [mpm_winnt:notice] [pid 328:tid 548] AH00456: Apache Lounge VC15 Server built: Feb 18 2021 10:09:17
[Fri Dec 03 22:12:02.579334 2021] [core:notice] [pid 328:tid 548] AH00094: Command line: 'c:\\xampp\\apache\\bin\\httpd.exe -d C:/xampp/apache'
[Fri Dec 03 22:12:02.938595 2021] [mpm_winnt:notice] [pid 328:tid 548] AH00418: Parent: Created child process 8188
[Fri Dec 03 22:12:05.390935 2021] [ssl:warn] [pid 8188:tid 568] AH01909: www.example.com:443:0 server certificate does NOT include an ID which matches the server name
[Fri Dec 03 22:12:05.781432 2021] [ssl:warn] [pid 8188:tid 568] AH01909: www.example.com:443:0 server certificate does NOT include an ID which matches the server name
[Fri Dec 03 22:12:06.015735 2021] [mpm_winnt:notice] [pid 8188:tid 568] AH00354: Child: Starting 150 worker threads.
[Sat Dec 11 19:31:07.542831 2021] [ssl:warn] [pid 6812:tid 536] AH01909: www.example.com:443:0 server certificate does NOT include an ID which matches the server name
[Sat Dec 11 19:31:10.182680 2021] [core:warn] [pid 6812:tid 536] AH00098: pid file C:/xampp/apache/logs/httpd.pid overwritten -- Unclean shutdown of previous Apache run?
[Sat Dec 11 19:31:10.229466 2021] [ssl:warn] [pid 6812:tid 536] AH01909: www.example.com:443:0 server certificate does NOT include an ID which matches the server name
[Sat Dec 11 19:31:21.413377 2021] [mpm_winnt:notice] [pid 6812:tid 536] AH00455: Apache/2.4.46 (Win64) OpenSSL/1.1.1j PHP/7.4.16 configured -- resuming normal operations
[Sat Dec 11 19:31:21.413377 2021] [mpm_winnt:notice] [pid 6812:tid 536] AH00456: Apache Lounge VC15 Server built: Feb 18 2021 10:09:17
[Sat Dec 11 19:31:21.413377 2021] [core:notice] [pid 6812:tid 536] AH00094: Command line: 'c:\\xampp\\apache\\bin\\httpd.exe -d C:/xampp/apache'
[Sat Dec 11 19:31:21.663436 2021] [mpm_winnt:notice] [pid 6812:tid 536] AH00418: Parent: Created child process 5184
[Sat Dec 11 19:31:22.834793 2021] [ssl:warn] [pid 5184:tid 588] AH01909: www.example.com:443:0 server certificate does NOT include an ID which matches the server name
[Sat Dec 11 19:31:23.053547 2021] [ssl:warn] [pid 5184:tid 588] AH01909: www.example.com:443:0 server certificate does NOT include an ID which matches the server name
[Sat Dec 11 19:31:23.381577 2021] [mpm_winnt:notice] [pid 5184:tid 588] AH00354: Child: Starting 150 worker threads.
[Sun Dec 12 12:43:53.977324 2021] [ssl:warn] [pid 4960:tid 560] AH01909: www.example.com:443:0 server certificate does NOT include an ID which matches the server name
[Sun Dec 12 12:43:54.539639 2021] [core:warn] [pid 4960:tid 560] AH00098: pid file C:/xampp/apache/logs/httpd.pid overwritten -- Unclean shutdown of previous Apache run?
[Sun Dec 12 12:43:54.539639 2021] [ssl:warn] [pid 4960:tid 560] AH01909: www.example.com:443:0 server certificate does NOT include an ID which matches the server name
[Sun Dec 12 12:43:58.538362 2021] [mpm_winnt:notice] [pid 4960:tid 560] AH00455: Apache/2.4.46 (Win64) OpenSSL/1.1.1j PHP/7.4.16 configured -- resuming normal operations
[Sun Dec 12 12:43:58.538362 2021] [mpm_winnt:notice] [pid 4960:tid 560] AH00456: Apache Lounge VC15 Server built: Feb 18 2021 10:09:17
[Sun Dec 12 12:43:58.538362 2021] [core:notice] [pid 4960:tid 560] AH00094: Command line: 'c:\\xampp\\apache\\bin\\httpd.exe -d C:/xampp/apache'
[Sun Dec 12 12:43:58.585219 2021] [mpm_winnt:notice] [pid 4960:tid 560] AH00418: Parent: Created child process 6604
[Sun Dec 12 12:43:59.491179 2021] [ssl:warn] [pid 6604:tid 572] AH01909: www.example.com:443:0 server certificate does NOT include an ID which matches the server name
[Sun Dec 12 12:43:59.600524 2021] [ssl:warn] [pid 6604:tid 572] AH01909: www.example.com:443:0 server certificate does NOT include an ID which matches the server name
[Sun Dec 12 12:43:59.819200 2021] [mpm_winnt:notice] [pid 6604:tid 572] AH00354: Child: Starting 150 worker threads.
[Mon Dec 13 12:39:38.348954 2021] [ssl:warn] [pid 7724:tid 560] AH01909: www.example.com:443:0 server certificate does NOT include an ID which matches the server name
[Mon Dec 13 12:39:38.833310 2021] [core:warn] [pid 7724:tid 560] AH00098: pid file C:/xampp/apache/logs/httpd.pid overwritten -- Unclean shutdown of previous Apache run?
[Mon Dec 13 12:39:38.864547 2021] [ssl:warn] [pid 7724:tid 560] AH01909: www.example.com:443:0 server certificate does NOT include an ID which matches the server name
[Mon Dec 13 12:39:44.862564 2021] [mpm_winnt:notice] [pid 7724:tid 560] AH00455: Apache/2.4.46 (Win64) OpenSSL/1.1.1j PHP/7.4.16 configured -- resuming normal operations
[Mon Dec 13 12:39:44.862564 2021] [mpm_winnt:notice] [pid 7724:tid 560] AH00456: Apache Lounge VC15 Server built: Feb 18 2021 10:09:17
[Mon Dec 13 12:39:44.862564 2021] [core:notice] [pid 7724:tid 560] AH00094: Command line: 'c:\\xampp\\apache\\bin\\httpd.exe -d C:/xampp/apache'
[Mon Dec 13 12:39:45.018686 2021] [mpm_winnt:notice] [pid 7724:tid 560] AH00418: Parent: Created child process 6092
[Mon Dec 13 12:39:46.580689 2021] [ssl:warn] [pid 6092:tid 576] AH01909: www.example.com:443:0 server certificate does NOT include an ID which matches the server name
[Mon Dec 13 12:39:46.768132 2021] [ssl:warn] [pid 6092:tid 576] AH01909: www.example.com:443:0 server certificate does NOT include an ID which matches the server name
[Mon Dec 13 12:39:47.002421 2021] [mpm_winnt:notice] [pid 6092:tid 576] AH00354: Child: Starting 150 worker threads.
[Mon Dec 13 19:12:34.704090 2021] [ssl:warn] [pid 1136:tid 568] AH01909: www.example.com:443:0 server certificate does NOT include an ID which matches the server name
[Mon Dec 13 19:12:37.874950 2021] [core:warn] [pid 1136:tid 568] AH00098: pid file C:/xampp/apache/logs/httpd.pid overwritten -- Unclean shutdown of previous Apache run?
[Mon Dec 13 19:12:37.906193 2021] [ssl:warn] [pid 1136:tid 568] AH01909: www.example.com:443:0 server certificate does NOT include an ID which matches the server name
[Mon Dec 13 19:12:47.762406 2021] [mpm_winnt:notice] [pid 1136:tid 568] AH00455: Apache/2.4.46 (Win64) OpenSSL/1.1.1j PHP/7.4.16 configured -- resuming normal operations
[Mon Dec 13 19:12:47.762406 2021] [mpm_winnt:notice] [pid 1136:tid 568] AH00456: Apache Lounge VC15 Server built: Feb 18 2021 10:09:17
[Mon Dec 13 19:12:47.762406 2021] [core:notice] [pid 1136:tid 568] AH00094: Command line: 'c:\\xampp\\apache\\bin\\httpd.exe -d C:/xampp/apache'
[Mon Dec 13 19:12:47.918606 2021] [mpm_winnt:notice] [pid 1136:tid 568] AH00418: Parent: Created child process 6276
[Mon Dec 13 19:12:49.605644 2021] [ssl:warn] [pid 6276:tid 568] AH01909: www.example.com:443:0 server certificate does NOT include an ID which matches the server name
[Mon Dec 13 19:12:50.027311 2021] [ssl:warn] [pid 6276:tid 568] AH01909: www.example.com:443:0 server certificate does NOT include an ID which matches the server name
[Mon Dec 13 19:12:51.464345 2021] [mpm_winnt:notice] [pid 6276:tid 568] AH00354: Child: Starting 150 worker threads.
[Tue Dec 14 20:18:54.039151 2021] [ssl:warn] [pid 4064:tid 564] AH01909: www.example.com:443:0 server certificate does NOT include an ID which matches the server name
[Tue Dec 14 20:18:59.022054 2021] [core:warn] [pid 4064:tid 564] AH00098: pid file C:/xampp/apache/logs/httpd.pid overwritten -- Unclean shutdown of previous Apache run?
[Tue Dec 14 20:18:59.084418 2021] [ssl:warn] [pid 4064:tid 564] AH01909: www.example.com:443:0 server certificate does NOT include an ID which matches the server name
[Tue Dec 14 20:19:12.002137 2021] [mpm_winnt:notice] [pid 4064:tid 564] AH00455: Apache/2.4.46 (Win64) OpenSSL/1.1.1j PHP/7.4.16 configured -- resuming normal operations
[Tue Dec 14 20:19:12.002137 2021] [mpm_winnt:notice] [pid 4064:tid 564] AH00456: Apache Lounge VC15 Server built: Feb 18 2021 10:09:17
[Tue Dec 14 20:19:12.002137 2021] [core:notice] [pid 4064:tid 564] AH00094: Command line: 'c:\\xampp\\apache\\bin\\httpd.exe -d C:/xampp/apache'
[Tue Dec 14 20:19:12.501976 2021] [mpm_winnt:notice] [pid 4064:tid 564] AH00418: Parent: Created child process 6116
[Tue Dec 14 20:19:17.640953 2021] [ssl:warn] [pid 6116:tid 572] AH01909: www.example.com:443:0 server certificate does NOT include an ID which matches the server name
[Tue Dec 14 20:19:18.109551 2021] [ssl:warn] [pid 6116:tid 572] AH01909: www.example.com:443:0 server certificate does NOT include an ID which matches the server name
[Tue Dec 14 20:19:18.687624 2021] [mpm_winnt:notice] [pid 6116:tid 572] AH00354: Child: Starting 150 worker threads.
[Wed Dec 15 13:39:34.624970 2021] [ssl:warn] [pid 6744:tid 560] AH01909: www.example.com:443:0 server certificate does NOT include an ID which matches the server name
[Wed Dec 15 13:39:35.156094 2021] [core:warn] [pid 6744:tid 560] AH00098: pid file C:/xampp/apache/logs/httpd.pid overwritten -- Unclean shutdown of previous Apache run?
[Wed Dec 15 13:39:35.187280 2021] [ssl:warn] [pid 6744:tid 560] AH01909: www.example.com:443:0 server certificate does NOT include an ID which matches the server name
[Wed Dec 15 13:39:48.495647 2021] [mpm_winnt:notice] [pid 6744:tid 560] AH00455: Apache/2.4.46 (Win64) OpenSSL/1.1.1j PHP/7.4.16 configured -- resuming normal operations
[Wed Dec 15 13:39:48.495647 2021] [mpm_winnt:notice] [pid 6744:tid 560] AH00456: Apache Lounge VC15 Server built: Feb 18 2021 10:09:17
[Wed Dec 15 13:39:48.495647 2021] [core:notice] [pid 6744:tid 560] AH00094: Command line: 'c:\\xampp\\apache\\bin\\httpd.exe -d C:/xampp/apache'
[Wed Dec 15 13:39:48.620633 2021] [mpm_winnt:notice] [pid 6744:tid 560] AH00418: Parent: Created child process 1640
[Wed Dec 15 13:39:49.698267 2021] [ssl:warn] [pid 1640:tid 608] AH01909: www.example.com:443:0 server certificate does NOT include an ID which matches the server name
[Wed Dec 15 13:39:49.995044 2021] [ssl:warn] [pid 1640:tid 608] AH01909: www.example.com:443:0 server certificate does NOT include an ID which matches the server name
[Wed Dec 15 13:39:50.385589 2021] [mpm_winnt:notice] [pid 1640:tid 608] AH00354: Child: Starting 150 worker threads.
[Wed Dec 15 14:38:36.545054 2021] [php7:error] [pid 1640:tid 1844] [client ::1:22938] PHP Fatal error:  Maximum execution time of 120 seconds exceeded in C:\\xampp\\phpMyAdmin\\libraries\\classes\\Dbal\\DbiMysqli.php on line 244, referer: http://localhost:81/dashboard/
[Wed Dec 15 19:51:51.102655 2021] [ssl:warn] [pid 2000:tid 568] AH01909: www.example.com:443:0 server certificate does NOT include an ID which matches the server name
[Wed Dec 15 19:51:51.633737 2021] [core:warn] [pid 2000:tid 568] AH00098: pid file C:/xampp/apache/logs/httpd.pid overwritten -- Unclean shutdown of previous Apache run?
[Wed Dec 15 19:51:51.680642 2021] [ssl:warn] [pid 2000:tid 568] AH01909: www.example.com:443:0 server certificate does NOT include an ID which matches the server name
[Wed Dec 15 19:52:02.708296 2021] [mpm_winnt:notice] [pid 2000:tid 568] AH00455: Apache/2.4.46 (Win64) OpenSSL/1.1.1j PHP/7.4.16 configured -- resuming normal operations
[Wed Dec 15 19:52:02.708296 2021] [mpm_winnt:notice] [pid 2000:tid 568] AH00456: Apache Lounge VC15 Server built: Feb 18 2021 10:09:17
[Wed Dec 15 19:52:02.708296 2021] [core:notice] [pid 2000:tid 568] AH00094: Command line: 'c:\\xampp\\apache\\bin\\httpd.exe -d C:/xampp/apache'
[Wed Dec 15 19:52:03.051862 2021] [mpm_winnt:notice] [pid 2000:tid 568] AH00418: Parent: Created child process 1984
[Wed Dec 15 19:52:05.144931 2021] [ssl:warn] [pid 1984:tid 572] AH01909: www.example.com:443:0 server certificate does NOT include an ID which matches the server name
[Wed Dec 15 19:52:05.644777 2021] [ssl:warn] [pid 1984:tid 572] AH01909: www.example.com:443:0 server certificate does NOT include an ID which matches the server name
[Wed Dec 15 19:52:06.332052 2021] [mpm_winnt:notice] [pid 1984:tid 572] AH00354: Child: Starting 150 worker threads.
[Wed Dec 15 21:12:06.042498 2021] [php7:error] [pid 1984:tid 1848] [client ::1:1057] PHP Fatal error:  Maximum execution time of 120 seconds exceeded in C:\\xampp\\phpMyAdmin\\vendor\\phpmyadmin\\sql-parser\\src\\Context.php on line 335, referer: http://localhost:81/dashboard/
[Tue Dec 21 20:52:10.652758 2021] [ssl:warn] [pid 6316:tid 568] AH01909: www.example.com:443:0 server certificate does NOT include an ID which matches the server name
[Tue Dec 21 20:52:12.902113 2021] [core:warn] [pid 6316:tid 568] AH00098: pid file C:/xampp/apache/logs/httpd.pid overwritten -- Unclean shutdown of previous Apache run?
[Tue Dec 21 20:52:12.948900 2021] [ssl:warn] [pid 6316:tid 568] AH01909: www.example.com:443:0 server certificate does NOT include an ID which matches the server name
[Tue Dec 21 20:52:39.424788 2021] [mpm_winnt:notice] [pid 6316:tid 568] AH00455: Apache/2.4.46 (Win64) OpenSSL/1.1.1j PHP/7.4.16 configured -- resuming normal operations
[Tue Dec 21 20:52:39.424788 2021] [mpm_winnt:notice] [pid 6316:tid 568] AH00456: Apache Lounge VC15 Server built: Feb 18 2021 10:09:17
[Tue Dec 21 20:52:39.424788 2021] [core:notice] [pid 6316:tid 568] AH00094: Command line: 'c:\\xampp\\apache\\bin\\httpd.exe -d C:/xampp/apache'
[Tue Dec 21 20:52:43.470373 2021] [mpm_winnt:notice] [pid 6316:tid 568] AH00418: Parent: Created child process 6204
[Tue Dec 21 20:52:50.249451 2021] [ssl:warn] [pid 6204:tid 572] AH01909: www.example.com:443:0 server certificate does NOT include an ID which matches the server name
[Tue Dec 21 20:52:50.780526 2021] [ssl:warn] [pid 6204:tid 572] AH01909: www.example.com:443:0 server certificate does NOT include an ID which matches the server name
[Tue Dec 21 20:52:53.311046 2021] [mpm_winnt:notice] [pid 6204:tid 572] AH00354: Child: Starting 150 worker threads.
[Wed Dec 22 09:44:49.936060 2021] [ssl:warn] [pid 5276:tid 472] AH01909: www.example.com:443:0 server certificate does NOT include an ID which matches the server name
[Wed Dec 22 09:44:50.264160 2021] [core:warn] [pid 5276:tid 472] AH00098: pid file C:/xampp/apache/logs/httpd.pid overwritten -- Unclean shutdown of previous Apache run?
[Wed Dec 22 09:44:50.310947 2021] [ssl:warn] [pid 5276:tid 472] AH01909: www.example.com:443:0 server certificate does NOT include an ID which matches the server name
[Wed Dec 22 09:44:54.044250 2021] [mpm_winnt:notice] [pid 5276:tid 472] AH00455: Apache/2.4.46 (Win64) OpenSSL/1.1.1j PHP/7.4.16 configured -- resuming normal operations
[Wed Dec 22 09:44:54.044250 2021] [mpm_winnt:notice] [pid 5276:tid 472] AH00456: Apache Lounge VC15 Server built: Feb 18 2021 10:09:17
[Wed Dec 22 09:44:54.044250 2021] [core:notice] [pid 5276:tid 472] AH00094: Command line: 'c:\\xampp\\apache\\bin\\httpd.exe -d C:/xampp/apache'
[Wed Dec 22 09:44:54.153461 2021] [mpm_winnt:notice] [pid 5276:tid 472] AH00418: Parent: Created child process 5496
[Wed Dec 22 09:44:55.012559 2021] [ssl:warn] [pid 5496:tid 568] AH01909: www.example.com:443:0 server certificate does NOT include an ID which matches the server name
[Wed Dec 22 09:44:55.200005 2021] [ssl:warn] [pid 5496:tid 568] AH01909: www.example.com:443:0 server certificate does NOT include an ID which matches the server name
[Wed Dec 22 09:44:55.403109 2021] [mpm_winnt:notice] [pid 5496:tid 568] AH00354: Child: Starting 150 worker threads.
[Wed Dec 22 11:10:15.093003 2021] [php7:error] [pid 5496:tid 1840] [client ::1:12168] PHP Fatal error:  Maximum execution time of 120 seconds exceeded in C:\\xampp\\phpMyAdmin\\libraries\\classes\\Dbal\\DbiMysqli.php on line 244, referer: http://localhost:81/dashboard/
[Wed Dec 22 13:00:32.496838 2021] [ssl:warn] [pid 6712:tid 556] AH01909: www.example.com:443:0 server certificate does NOT include an ID which matches the server name
[Wed Dec 22 13:00:36.011348 2021] [core:warn] [pid 6712:tid 556] AH00098: pid file C:/xampp/apache/logs/httpd.pid overwritten -- Unclean shutdown of previous Apache run?
[Wed Dec 22 13:00:36.183228 2021] [ssl:warn] [pid 6712:tid 556] AH01909: www.example.com:443:0 server certificate does NOT include an ID which matches the server name
[Wed Dec 22 13:00:58.207327 2021] [mpm_winnt:notice] [pid 6712:tid 556] AH00455: Apache/2.4.46 (Win64) OpenSSL/1.1.1j PHP/7.4.16 configured -- resuming normal operations
[Wed Dec 22 13:00:58.207327 2021] [mpm_winnt:notice] [pid 6712:tid 556] AH00456: Apache Lounge VC15 Server built: Feb 18 2021 10:09:17
[Wed Dec 22 13:00:58.207327 2021] [core:notice] [pid 6712:tid 556] AH00094: Command line: 'c:\\xampp\\apache\\bin\\httpd.exe -d C:/xampp/apache'
[Wed Dec 22 13:00:58.535351 2021] [mpm_winnt:notice] [pid 6712:tid 556] AH00418: Parent: Created child process 6292
[Wed Dec 22 13:01:03.580605 2021] [ssl:warn] [pid 6292:tid 568] AH01909: www.example.com:443:0 server certificate does NOT include an ID which matches the server name
[Wed Dec 22 13:01:03.971100 2021] [ssl:warn] [pid 6292:tid 568] AH01909: www.example.com:443:0 server certificate does NOT include an ID which matches the server name
[Wed Dec 22 13:01:06.423439 2021] [mpm_winnt:notice] [pid 6292:tid 568] AH00354: Child: Starting 150 worker threads.
[Thu Dec 23 15:33:47.589920 2021] [ssl:warn] [pid 5392:tid 476] AH01909: www.example.com:443:0 server certificate does NOT include an ID which matches the server name
[Thu Dec 23 15:33:47.998732 2021] [core:warn] [pid 5392:tid 476] AH00098: pid file C:/xampp/apache/logs/httpd.pid overwritten -- Unclean shutdown of previous Apache run?
[Thu Dec 23 15:33:48.034462 2021] [ssl:warn] [pid 5392:tid 476] AH01909: www.example.com:443:0 server certificate does NOT include an ID which matches the server name
[Thu Dec 23 15:33:58.885583 2021] [mpm_winnt:notice] [pid 5392:tid 476] AH00455: Apache/2.4.46 (Win64) OpenSSL/1.1.1j PHP/7.4.16 configured -- resuming normal operations
[Thu Dec 23 15:33:58.886662 2021] [mpm_winnt:notice] [pid 5392:tid 476] AH00456: Apache Lounge VC15 Server built: Feb 18 2021 10:09:17
[Thu Dec 23 15:33:58.886662 2021] [core:notice] [pid 5392:tid 476] AH00094: Command line: 'c:\\xampp\\apache\\bin\\httpd.exe -d C:/xampp/apache'
[Thu Dec 23 15:33:59.091299 2021] [mpm_winnt:notice] [pid 5392:tid 476] AH00418: Parent: Created child process 4620
[Thu Dec 23 15:34:01.327726 2021] [ssl:warn] [pid 4620:tid 576] AH01909: www.example.com:443:0 server certificate does NOT include an ID which matches the server name
[Thu Dec 23 15:34:01.656021 2021] [ssl:warn] [pid 4620:tid 576] AH01909: www.example.com:443:0 server certificate does NOT include an ID which matches the server name
[Thu Dec 23 15:34:02.273859 2021] [mpm_winnt:notice] [pid 4620:tid 576] AH00354: Child: Starting 150 worker threads.
[Thu Dec 23 15:36:26.787538 2021] [ssl:warn] [pid 7724:tid 564] AH01909: www.example.com:443:0 server certificate does NOT include an ID which matches the server name
[Thu Dec 23 15:36:27.173341 2021] [core:warn] [pid 7724:tid 564] AH00098: pid file C:/xampp/apache/logs/httpd.pid overwritten -- Unclean shutdown of previous Apache run?
[Thu Dec 23 15:36:27.180345 2021] [ssl:warn] [pid 7724:tid 564] AH01909: www.example.com:443:0 server certificate does NOT include an ID which matches the server name
[Thu Dec 23 15:36:28.245552 2021] [mpm_winnt:notice] [pid 7724:tid 564] AH00455: Apache/2.4.46 (Win64) OpenSSL/1.1.1j PHP/7.4.16 configured -- resuming normal operations
[Thu Dec 23 15:36:28.246554 2021] [mpm_winnt:notice] [pid 7724:tid 564] AH00456: Apache Lounge VC15 Server built: Feb 18 2021 10:09:17
[Thu Dec 23 15:36:28.246554 2021] [core:notice] [pid 7724:tid 564] AH00094: Command line: 'c:\\xampp\\apache\\bin\\httpd.exe -d C:/xampp/apache'
[Thu Dec 23 15:36:28.407731 2021] [mpm_winnt:notice] [pid 7724:tid 564] AH00418: Parent: Created child process 7572
[Thu Dec 23 15:36:31.100701 2021] [ssl:warn] [pid 7572:tid 552] AH01909: www.example.com:443:0 server certificate does NOT include an ID which matches the server name
[Thu Dec 23 15:36:31.518934 2021] [ssl:warn] [pid 7572:tid 552] AH01909: www.example.com:443:0 server certificate does NOT include an ID which matches the server name
[Thu Dec 23 15:36:31.684947 2021] [mpm_winnt:notice] [pid 7572:tid 552] AH00354: Child: Starting 150 worker threads.
[Thu Dec 23 15:43:35.935519 2021] [php7:error] [pid 7572:tid 1844] [client ::1:50280] PHP Fatal error:  Maximum execution time of 120 seconds exceeded in C:\\xampp\\phpMyAdmin\\vendor\\symfony\\dependency-injection\\ParameterBag\\ParameterBag.php on line 23, referer: http://localhost:81/dashboard/
